<?xml version="1.0" encoding="UTF-8"?>
<!-- Generated by org.testng.reporters.JUnitXMLReporter -->
<testsuite ignored="8" hostname="IBM-25PV4D4" failures="0" tests="16" name="Surefire test" time="1.376" errors="0" timestamp="2026-01-09T00:48:37 IST">
  <testcase classname="com.ibm.basetest.BaseTest" name="@BeforeSuite setup" time="-1.767899915719E9">
    <failure type="org.testng.TestNGException" message="
Parameter &amp;apos;browserName&amp;apos; is required by BeforeSuite on method setup but has not been marked @Optional or defined
">
      <![CDATA[org.testng.TestNGException: 
Parameter 'browserName' is required by BeforeSuite on method setup but has not been marked @Optional or defined

... Removed 21 stack frames]]>
    </failure>
  </testcase> <!-- @BeforeSuite setup -->
  <testcase classname="com.ibm.test.CartPageTest" name="@BeforeMethod init" time="0.0">
    <skipped/>
  </testcase> <!-- @BeforeMethod init -->
  <testcase classname="com.ibm.test.LoginTest" name="@BeforeMethod init" time="0.0">
    <skipped/>
  </testcase> <!-- @BeforeMethod init -->
  <testcase classname="com.ibm.test.LoginTest" name="@BeforeMethod init" time="0.0">
    <skipped/>
  </testcase> <!-- @BeforeMethod init -->
  <testcase classname="com.ibm.test.LoginTest" name="@BeforeMethod init" time="0.0">
    <skipped/>
  </testcase> <!-- @BeforeMethod init -->
  <testcase classname="com.ibm.test.LoginTest" name="@BeforeMethod init" time="0.0">
    <skipped/>
  </testcase> <!-- @BeforeMethod init -->
  <testcase classname="com.ibm.test.LoginTest" name="@BeforeMethod init" time="0.0">
    <skipped/>
  </testcase> <!-- @BeforeMethod init -->
  <testcase classname="com.ibm.test.LoginTest" name="@BeforeMethod init" time="0.0">
    <skipped/>
  </testcase> <!-- @BeforeMethod init -->
  <testcase classname="com.ibm.test.SignupPageTest" name="@BeforeMethod init" time="0.0">
    <skipped/>
  </testcase> <!-- @BeforeMethod init -->
  <testcase classname="com.ibm.test.SignupPageTest" name="@BeforeMethod init" time="0.0">
    <skipped/>
  </testcase> <!-- @BeforeMethod init -->
  <testcase classname="com.ibm.test.SignupPageTest" name="@BeforeMethod init" time="0.0">
    <skipped/>
  </testcase> <!-- @BeforeMethod init -->
  <testcase classname="com.ibm.test.SignupPageTest" name="@BeforeMethod init" time="0.0">
    <skipped/>
  </testcase> <!-- @BeforeMethod init -->
  <testcase classname="com.ibm.test.SignupPageTest" name="@BeforeMethod init" time="0.0">
    <skipped/>
  </testcase> <!-- @BeforeMethod init -->
  <testcase classname="com.ibm.test.CartPageTest" name="cartTest" time="0.0">
    <skipped/>
  </testcase> <!-- cartTest -->
  <testcase classname="com.ibm.test.HomePageTest" name="navbarTest" time="0.0">
    <skipped/>
  </testcase> <!-- navbarTest -->
  <testcase classname="com.ibm.test.HomePageTest" name="slidingWindowTest" time="0.0">
    <skipped/>
  </testcase> <!-- slidingWindowTest -->
  <testcase classname="com.ibm.test.HomePageTest" name="categoriesListTest" time="0.001">
    <skipped/>
  </testcase> <!-- categoriesListTest -->
  <testcase classname="com.ibm.test.HomePageTest" name="previousButttonAndNextButtonTest" time="0.0">
    <skipped/>
  </testcase> <!-- previousButttonAndNextButtonTest -->
  <testcase classname="com.ibm.test.LoginTest" name="loginTest" time="0.0">
    <skipped/>
  </testcase> <!-- loginTest -->
  <testcase classname="com.ibm.test.LoginTest" name="loginTest" time="0.0">
    <skipped/>
  </testcase> <!-- loginTest -->
  <testcase classname="com.ibm.test.LoginTest" name="loginTest" time="0.0">
    <skipped/>
  </testcase> <!-- loginTest -->
  <testcase classname="com.ibm.test.LoginTest" name="loginTest" time="0.0">
    <skipped/>
  </testcase> <!-- loginTest -->
  <testcase classname="com.ibm.test.LoginTest" name="loginTest" time="0.0">
    <skipped/>
  </testcase> <!-- loginTest -->
  <testcase classname="com.ibm.test.LoginTest" name="loginTest" time="0.001">
    <skipped/>
  </testcase> <!-- loginTest -->
  <testcase classname="com.ibm.test.SignupPageTest" name="signupPageTest" time="0.0">
    <skipped/>
  </testcase> <!-- signupPageTest -->
  <testcase classname="com.ibm.test.SignupPageTest" name="signupPageTest" time="0.0">
    <skipped/>
  </testcase> <!-- signupPageTest -->
  <testcase classname="com.ibm.test.SignupPageTest" name="signupPageTest" time="0.001">
    <skipped/>
  </testcase> <!-- signupPageTest -->
  <testcase classname="com.ibm.test.SignupPageTest" name="signupPageTest" time="0.0">
    <skipped/>
  </testcase> <!-- signupPageTest -->
  <testcase classname="com.ibm.test.SignupPageTest" name="signupPageTest" time="0.0">
    <skipped/>
  </testcase> <!-- signupPageTest -->
  <testcase classname="com.ibm.basetest.BaseTest" name="@BeforeSuite setup" time="0.0">
    <ignored/>
  </testcase> <!-- @BeforeSuite setup -->
  <testcase classname="com.ibm.basetest.BaseTest" name="@AfterSuite tearDown" time="0.0">
    <ignored/>
  </testcase> <!-- @AfterSuite tearDown -->
  <testcase classname="com.ibm.basetest.BaseTest" name="@AfterSuite tearDown" time="0.0">
    <ignored/>
  </testcase> <!-- @AfterSuite tearDown -->
  <testcase classname="com.ibm.basetest.BaseTest" name="@AfterSuite tearDown" time="0.0">
    <ignored/>
  </testcase> <!-- @AfterSuite tearDown -->
  <testcase classname="com.ibm.basetest.BaseTest" name="@BeforeSuite setup" time="0.0">
    <ignored/>
  </testcase> <!-- @BeforeSuite setup -->
  <testcase classname="com.ibm.basetest.BaseTest" name="@AfterSuite tearDown" time="0.0">
    <ignored/>
  </testcase> <!-- @AfterSuite tearDown -->
  <testcase classname="com.ibm.basetest.BaseTest" name="@BeforeSuite setup" time="0.0">
    <ignored/>
  </testcase> <!-- @BeforeSuite setup -->
  <testcase classname="com.ibm.basetest.BaseTest" name="@BeforeSuite setup" time="0.0">
    <ignored/>
  </testcase> <!-- @BeforeSuite setup -->
</testsuite> <!-- Surefire test -->
