<?xml version="1.0" encoding="UTF-8"?>
<!-- Generated by org.testng.reporters.JUnitXMLReporter -->
<testsuite ignored="6" hostname="IBM-25PV4D4" failures="0" tests="7" name="Default test" time="36.583" errors="0" timestamp="2026-01-02T01:44:28 IST">
  <testcase classname="com.ibm.test.HomePageTest" name="navbarTest" time="1.49"/>
  <testcase classname="com.ibm.test.HomePageTest" name="slidingWindowTest" time="4.792"/>
  <testcase classname="com.ibm.test.HomePageTest" name="categoriesListTest" time="10.539"/>
  <testcase classname="com.ibm.test.HomePageTest" name="previousButttonAndNextButtonTest" time="2.407"/>
  <testcase classname="com.ibm.test.SignupPageTest" name="signupPageTest" time="3.1"/>
  <testcase classname="com.ibm.test.LoginTest" name="loginTest" time="11.653"/>
  <testcase classname="com.ibm.test.CartPageTest" name="cartTest" time="2.273"/>
  <testcase classname="com.ibm.basetest.BaseTest" name="@BeforeSuite setup" time="0.0">
    <ignored/>
  </testcase> <!-- @BeforeSuite setup -->
  <testcase classname="com.ibm.basetest.BaseTest" name="@AfterSuite tearDown" time="0.0">
    <ignored/>
  </testcase> <!-- @AfterSuite tearDown -->
  <testcase classname="com.ibm.basetest.BaseTest" name="@AfterSuite tearDown" time="0.0">
    <ignored/>
  </testcase> <!-- @AfterSuite tearDown -->
  <testcase classname="com.ibm.basetest.BaseTest" name="@BeforeSuite setup" time="0.0">
    <ignored/>
  </testcase> <!-- @BeforeSuite setup -->
  <testcase classname="com.ibm.basetest.BaseTest" name="@BeforeSuite setup" time="0.0">
    <ignored/>
  </testcase> <!-- @BeforeSuite setup -->
  <testcase classname="com.ibm.basetest.BaseTest" name="@AfterSuite tearDown" time="0.0">
    <ignored/>
  </testcase> <!-- @AfterSuite tearDown -->
</testsuite> <!-- Default test -->
