<?xml version="1.0" encoding="UTF-8"?>
<!-- Generated by org.testng.reporters.JUnitXMLReporter -->
<testsuite ignored="0" hostname="IBM-25PV4D4" failures="0" tests="4" name="HomePageTests" time="19.75" errors="0" timestamp="2026-01-02T12:45:24 IST">
  <testcase classname="com.ibm.test.HomePageTest" name="navbarTest" time="1.647"/>
  <testcase classname="com.ibm.test.HomePageTest" name="slidingWindowTest" time="4.889"/>
  <testcase classname="com.ibm.test.HomePageTest" name="categoriesListTest" time="10.637"/>
  <testcase classname="com.ibm.test.HomePageTest" name="previousButttonAndNextButtonTest" time="2.425"/>
</testsuite> <!-- HomePageTests -->
