<html>
<head>
<title>TestNG:  Test</title>
<link href="../testng.css" rel="stylesheet" type="text/css" />
<link href="../my-testng.css" rel="stylesheet" type="text/css" />

<style type="text/css">
.log { display: none;} 
.stack-trace { display: none;} 
</style>
<script type="text/javascript">
<!--
function flip(e) {
  current = e.style.display;
  if (current == 'block') {
    e.style.display = 'none';
    return 0;
  }
  else {
    e.style.display = 'block';
    return 1;
  }
}

function toggleBox(szDivId, elem, msg1, msg2)
{
  var res = -1;  if (document.getElementById) {
    res = flip(document.getElementById(szDivId));
  }
  else if (document.all) {
    // this is the way old msie versions work
    res = flip(document.all[szDivId]);
  }
  if(elem) {
    if(res == 0) elem.innerHTML = msg1; else elem.innerHTML = msg2;
  }

}

function toggleAllBoxes() {
  if (document.getElementsByTagName) {
    d = document.getElementsByTagName('div');
    for (i = 0; i < d.length; i++) {
      if (d[i].className == 'log') {
        flip(d[i]);
      }
    }
  }
}

// -->
</script>

</head>
<body>
<h2 align='center'>Test</h2><table border='1' align="center">
<tr>
<td>Tests passed/Failed/Skipped:</td><td>14/1/1</td>
</tr><tr>
<td>Started on:</td><td>Fri Jan 09 14:58:31 IST 2026</td>
</tr>
<tr><td>Total time:</td><td>61 seconds (61134 ms)</td>
</tr><tr>
<td>Included groups:</td><td></td>
</tr><tr>
<td>Excluded groups:</td><td></td>
</tr>
</table><p/>
<small><i>(Hover the method name to see the test class name)</i></small><p/>
<table width='100%' border='1' class='invocation-failed'>
<tr><td colspan='4' align='center'><b>FAILED TESTS</b></td></tr>
<tr><td><b>Test method</b></td>
<td><b>Attribute(s)</b></td>
<td width="30%"><b>Exception</b></td>
<td width="10%"><b>Time (seconds)</b></td>
<td><b>Instance</b></td>
</tr>
<tr>
<td title='com.ibm.test.LoginTest.loginTest()'><b>loginTest</b><br>Test class: com.ibm.test.LoginTest<br>Parameters: sham2@gmail.com, sham@2003</td>
<td><div><pre>org.openqa.selenium.ElementClickInterceptedException: Element &lt;a id=&quot;login2&quot; class=&quot;nav-link&quot; href=&quot;#&quot;&gt; is not clickable at point (1018,37) because another element &lt;div class=&quot;modal-backdrop fade&quot;&gt; obscures it
Build info: version: &apos;4.18.1&apos;, revision: &apos;b1d3319b48&apos;
System info: os.name: &apos;Windows 11&apos;, os.arch: &apos;amd64&apos;, os.version: &apos;10.0&apos;, java.version: &apos;21.0.9&apos;
Driver info: org.openqa.selenium.firefox.FirefoxDriver
Command: [f41ffcfc-c751-4b1e-a917-5714359582e1, clickElement {id=b0f57187-07ca-48cf-b758-7f97366bb44e}]
Capabilities {acceptInsecureCerts: true, browserName: firefox, browserVersion: 146.0.1, moz:accessibilityChecks: false, moz:buildID: 20251217121356, moz:geckodriverVersion: 0.36.0, moz:headless: false, moz:platformVersion: 10.0, moz:processID: 24740, moz:profile: C:\Users\ABHIJI~1\AppData\L..., moz:shutdownTimeout: 60000, moz:webdriverClick: true, moz:windowless: false, pageLoadStrategy: normal, platformName: windows, proxy: Proxy(), setWindowRect: true, strictFileInteractability: false, timeouts: {implicit: 0, pageLoad: 300000, script: 30000}, unhandledPromptBehavior: dismiss and notify, userAgent: Mozilla/5.0 (Windows NT 10....}
Element: [[FirefoxDriver: firefox on windows (f41ffcfc-c751-4b1e-a917-5714359582e1)] -&gt; xpath: //*[@id=&quot;login2&quot;]]
Session ID: f41ffcfc-c751-4b1e-a917-5714359582e1
	at org.openqa.selenium.remote.ErrorCodec.decode(ErrorCodec.java:167)
	at org.openqa.selenium.remote.codec.w3c.W3CHttpResponseCodec.decode(W3CHttpResponseCodec.java:138)
	at org.openqa.selenium.remote.codec.w3c.W3CHttpResponseCodec.decode(W3CHttpResponseCodec.java:50)
	at org.openqa.selenium.remote.HttpCommandExecutor.execute(HttpCommandExecutor.java:190)
	at org.openqa.selenium.remote.service.DriverCommandExecutor.invokeExecute(DriverCommandExecutor.java:216)
	at org.openqa.selenium.remote.service.DriverCommandExecutor.execute(DriverCommandExecutor.java:174)
	at org.openqa.selenium.remote.RemoteWebDriver.execute(RemoteWebDriver.java:519)
	at org.openqa.selenium.remote.RemoteWebElement.execute(RemoteWebElement.java:223)
	at org.openqa.selenium.remote.RemoteWebElement.click(RemoteWebElement.java:76)
	at com.ibm.page.LoginPage.loginPage(LoginPage.java:36)
	at com.ibm.test.LoginTest.loginTest(LoginTest.java:25)
	at java.base/java.util.ArrayList.forEach(ArrayList.java:1596)
... Removed 28 stack frames</pre></div><a href='#' onClick='toggleBox("stack-trace1409848452", this, "Click to show all stack frames", "Click to hide stack frames")'>Click to show all stack frames</a>
<div class='stack-trace' id='stack-trace1409848452'><pre>org.openqa.selenium.ElementClickInterceptedException: Element &lt;a id=&quot;login2&quot; class=&quot;nav-link&quot; href=&quot;#&quot;&gt; is not clickable at point (1018,37) because another element &lt;div class=&quot;modal-backdrop fade&quot;&gt; obscures it
Build info: version: &apos;4.18.1&apos;, revision: &apos;b1d3319b48&apos;
System info: os.name: &apos;Windows 11&apos;, os.arch: &apos;amd64&apos;, os.version: &apos;10.0&apos;, java.version: &apos;21.0.9&apos;
Driver info: org.openqa.selenium.firefox.FirefoxDriver
Command: [f41ffcfc-c751-4b1e-a917-5714359582e1, clickElement {id=b0f57187-07ca-48cf-b758-7f97366bb44e}]
Capabilities {acceptInsecureCerts: true, browserName: firefox, browserVersion: 146.0.1, moz:accessibilityChecks: false, moz:buildID: 20251217121356, moz:geckodriverVersion: 0.36.0, moz:headless: false, moz:platformVersion: 10.0, moz:processID: 24740, moz:profile: C:\Users\ABHIJI~1\AppData\L..., moz:shutdownTimeout: 60000, moz:webdriverClick: true, moz:windowless: false, pageLoadStrategy: normal, platformName: windows, proxy: Proxy(), setWindowRect: true, strictFileInteractability: false, timeouts: {implicit: 0, pageLoad: 300000, script: 30000}, unhandledPromptBehavior: dismiss and notify, userAgent: Mozilla/5.0 (Windows NT 10....}
Element: [[FirefoxDriver: firefox on windows (f41ffcfc-c751-4b1e-a917-5714359582e1)] -&gt; xpath: //*[@id=&quot;login2&quot;]]
Session ID: f41ffcfc-c751-4b1e-a917-5714359582e1
	at java.base/jdk.internal.reflect.DirectConstructorHandleAccessor.newInstance(DirectConstructorHandleAccessor.java:62)
	at java.base/java.lang.reflect.Constructor.newInstanceWithCaller(Constructor.java:502)
	at java.base/java.lang.reflect.Constructor.newInstance(Constructor.java:486)
	at org.openqa.selenium.remote.ErrorCodec.decode(ErrorCodec.java:167)
	at org.openqa.selenium.remote.codec.w3c.W3CHttpResponseCodec.decode(W3CHttpResponseCodec.java:138)
	at org.openqa.selenium.remote.codec.w3c.W3CHttpResponseCodec.decode(W3CHttpResponseCodec.java:50)
	at org.openqa.selenium.remote.HttpCommandExecutor.execute(HttpCommandExecutor.java:190)
	at org.openqa.selenium.remote.service.DriverCommandExecutor.invokeExecute(DriverCommandExecutor.java:216)
	at org.openqa.selenium.remote.service.DriverCommandExecutor.execute(DriverCommandExecutor.java:174)
	at org.openqa.selenium.remote.RemoteWebDriver.execute(RemoteWebDriver.java:519)
	at org.openqa.selenium.remote.RemoteWebElement.execute(RemoteWebElement.java:223)
	at org.openqa.selenium.remote.RemoteWebElement.click(RemoteWebElement.java:76)
	at com.ibm.page.LoginPage.loginPage(LoginPage.java:36)
	at com.ibm.test.LoginTest.loginTest(LoginTest.java:25)
	at java.base/jdk.internal.reflect.DirectMethodHandleAccessor.invoke(DirectMethodHandleAccessor.java:103)
	at java.base/java.lang.reflect.Method.invoke(Method.java:580)
	at org.testng.internal.invokers.MethodInvocationHelper.invokeMethod(MethodInvocationHelper.java:141)
	at org.testng.internal.invokers.TestInvoker.invokeMethod(TestInvoker.java:687)
	at org.testng.internal.invokers.TestInvoker.invokeTestMethod(TestInvoker.java:230)
	at org.testng.internal.invokers.MethodRunner.runInSequence(MethodRunner.java:63)
	at org.testng.internal.invokers.TestInvoker$MethodInvocationAgent.invoke(TestInvoker.java:995)
	at org.testng.internal.invokers.TestInvoker.invokeTestMethods(TestInvoker.java:203)
	at org.testng.internal.invokers.TestMethodWorker.invokeTestMethods(TestMethodWorker.java:154)
	at org.testng.internal.invokers.TestMethodWorker.run(TestMethodWorker.java:134)
	at java.base/java.util.ArrayList.forEach(ArrayList.java:1596)
	at org.testng.TestRunner.privateRun(TestRunner.java:741)
	at org.testng.TestRunner.run(TestRunner.java:616)
	at org.testng.SuiteRunner.runTest(SuiteRunner.java:421)
	at org.testng.SuiteRunner.runSequentially(SuiteRunner.java:413)
	at org.testng.SuiteRunner.privateRun(SuiteRunner.java:373)
	at org.testng.SuiteRunner.run(SuiteRunner.java:312)
	at org.testng.SuiteRunnerWorker.runSuite(SuiteRunnerWorker.java:52)
	at org.testng.SuiteRunnerWorker.run(SuiteRunnerWorker.java:95)
	at org.testng.TestNG.runSuitesSequentially(TestNG.java:1274)
	at org.testng.TestNG.runSuitesLocally(TestNG.java:1208)
	at org.testng.TestNG.runSuites(TestNG.java:1112)
	at org.testng.TestNG.run(TestNG.java:1079)
	at org.testng.remote.AbstractRemoteTestNG.run(AbstractRemoteTestNG.java:115)
	at org.testng.remote.RemoteTestNG.initAndRun(RemoteTestNG.java:293)
	at org.testng.remote.RemoteTestNG.main(RemoteTestNG.java:91)
</pre></div></td>
<td>0</td>
<td>com.ibm.test.LoginTest@1ff4931d</td></tr>
</table><p>
<table width='100%' border='1' class='invocation-passed'>
<tr><td colspan='4' align='center'><b>PASSED TESTS</b></td></tr>
<tr><td><b>Test method</b></td>
<td><b>Attribute(s)</b></td>
<td width="30%"><b>Exception</b></td>
<td width="10%"><b>Time (seconds)</b></td>
<td><b>Instance</b></td>
</tr>
<tr>
<td title='com.ibm.test.SignupPageTest.signupPageTest()'><b>signupPageTest</b><br>Test class: com.ibm.test.SignupPageTest<br>Parameters: Abhi00488@gmail.com, Abhijitmaiti@2004</td>
<td></td>
<td>3</td>
<td>com.ibm.test.SignupPageTest@710f4dc7</td></tr>
<tr>
<td title='com.ibm.test.LoginTest.loginTest()'><b>loginTest</b><br>Test class: com.ibm.test.LoginTest<br>Parameters: maiti@gamil.com, maiti@2004</td>
<td></td>
<td>4</td>
<td>com.ibm.test.LoginTest@1ff4931d</td></tr>
<tr>
<td title='com.ibm.test.LoginTest.loginTest()'><b>loginTest</b><br>Test class: com.ibm.test.LoginTest<br>Parameters: sham22@gmail.com, sham@2003</td>
<td></td>
<td>4</td>
<td>com.ibm.test.LoginTest@1ff4931d</td></tr>
<tr>
<td title='com.ibm.test.SignupPageTest.signupPageTest()'><b>signupPageTest</b><br>Test class: com.ibm.test.SignupPageTest<br>Parameters: Abhi02419@gmail.com, Abhijit@2004</td>
<td></td>
<td>3</td>
<td>com.ibm.test.SignupPageTest@710f4dc7</td></tr>
<tr>
<td title='com.ibm.test.HomePageTest.categoriesListTest()'><b>categoriesListTest</b><br>Test class: com.ibm.test.HomePageTest<br>Parameters: 1000, 500</td>
<td></td>
<td>10</td>
<td>com.ibm.test.HomePageTest@2a5c8d3f</td></tr>
<tr>
<td title='com.ibm.test.SignupPageTest.signupPageTest()'><b>signupPageTest</b><br>Test class: com.ibm.test.SignupPageTest<br>Parameters: mait32tik@gamil.com, maiti@2004</td>
<td></td>
<td>3</td>
<td>com.ibm.test.SignupPageTest@710f4dc7</td></tr>
<tr>
<td title='com.ibm.test.SignupPageTest.signupPageTest()'><b>signupPageTest</b><br>Test class: com.ibm.test.SignupPageTest<br>Parameters: sham22@gmail.com, sham@2003</td>
<td></td>
<td>3</td>
<td>com.ibm.test.SignupPageTest@710f4dc7</td></tr>
<tr>
<td title='com.ibm.test.LoginTest.loginTest()'><b>loginTest</b><br>Test class: com.ibm.test.LoginTest<br>Parameters: Abhijitmaiti098@gmail.com, Abhijitmaiti@2004</td>
<td></td>
<td>3</td>
<td>com.ibm.test.LoginTest@1ff4931d</td></tr>
<tr>
<td title='com.ibm.test.HomePageTest.slidingWindowTest()'><b>slidingWindowTest</b><br>Test class: com.ibm.test.HomePageTest<br>Parameters: 1000</td>
<td></td>
<td>4</td>
<td>com.ibm.test.HomePageTest@2a5c8d3f</td></tr>
<tr>
<td title='com.ibm.test.SignupPageTest.signupPageTest()'><b>signupPageTest</b><br>Test class: com.ibm.test.SignupPageTest<br>Parameters: Admin4986@gmail.com, admin@2004</td>
<td></td>
<td>3</td>
<td>com.ibm.test.SignupPageTest@710f4dc7</td></tr>
<tr>
<td title='com.ibm.test.HomePageTest.navbarTest()'><b>navbarTest</b><br>Test class: com.ibm.test.HomePageTest</td>
<td></td>
<td>1</td>
<td>com.ibm.test.HomePageTest@2a5c8d3f</td></tr>
<tr>
<td title='com.ibm.test.HomePageTest.previousButttonAndNextButtonTest()'><b>previousButttonAndNextButtonTest</b><br>Test class: com.ibm.test.HomePageTest<br>Parameters: 1000</td>
<td></td>
<td>2</td>
<td>com.ibm.test.HomePageTest@2a5c8d3f</td></tr>
<tr>
<td title='com.ibm.test.LoginTest.loginTest()'><b>loginTest</b><br>Test class: com.ibm.test.LoginTest<br>Parameters: Abhijitmaiti0966@gmail.com, Abhijit@2004</td>
<td></td>
<td>3</td>
<td>com.ibm.test.LoginTest@1ff4931d</td></tr>
<tr>
<td title='com.ibm.test.LoginTest.loginTest()'><b>loginTest</b><br>Test class: com.ibm.test.LoginTest<br>Parameters: Admin@gmail.com, admin@2004</td>
<td></td>
<td>3</td>
<td>com.ibm.test.LoginTest@1ff4931d</td></tr>
</table><p>
<table width='100%' border='1' class='invocation-skipped'>
<tr><td colspan='4' align='center'><b>SKIPPED TESTS</b></td></tr>
<tr><td><b>Test method</b></td>
<td><b>Attribute(s)</b></td>
<td width="30%"><b>Exception</b></td>
<td width="10%"><b>Time (seconds)</b></td>
<td><b>Instance</b></td>
</tr>
<tr>
<td title='com.ibm.test.CartPageTest.cartTest()'><b>cartTest</b><br>Test class: com.ibm.test.CartPageTest</td>
<td><div><pre>java.lang.Throwable: Method CartPageTest.cartTest()[pri:0, instance:com.ibm.test.CartPageTest@65e98b1c] depends on not successfully finished methods in group &quot;login&quot;
	at java.base/java.util.ArrayList.forEach(ArrayList.java:1596)
... Removed 18 stack frames</pre></div><a href='#' onClick='toggleBox("stack-trace1899280551", this, "Click to show all stack frames", "Click to hide stack frames")'>Click to show all stack frames</a>
<div class='stack-trace' id='stack-trace1899280551'><pre>java.lang.Throwable: Method CartPageTest.cartTest()[pri:0, instance:com.ibm.test.CartPageTest@65e98b1c] depends on not successfully finished methods in group &quot;login&quot;
	at org.testng.internal.invokers.TestInvoker.invokeTestMethods(TestInvoker.java:159)
	at org.testng.internal.invokers.TestMethodWorker.invokeTestMethods(TestMethodWorker.java:154)
	at org.testng.internal.invokers.TestMethodWorker.run(TestMethodWorker.java:134)
	at java.base/java.util.ArrayList.forEach(ArrayList.java:1596)
	at org.testng.TestRunner.privateRun(TestRunner.java:741)
	at org.testng.TestRunner.run(TestRunner.java:616)
	at org.testng.SuiteRunner.runTest(SuiteRunner.java:421)
	at org.testng.SuiteRunner.runSequentially(SuiteRunner.java:413)
	at org.testng.SuiteRunner.privateRun(SuiteRunner.java:373)
	at org.testng.SuiteRunner.run(SuiteRunner.java:312)
	at org.testng.SuiteRunnerWorker.runSuite(SuiteRunnerWorker.java:52)
	at org.testng.SuiteRunnerWorker.run(SuiteRunnerWorker.java:95)
	at org.testng.TestNG.runSuitesSequentially(TestNG.java:1274)
	at org.testng.TestNG.runSuitesLocally(TestNG.java:1208)
	at org.testng.TestNG.runSuites(TestNG.java:1112)
	at org.testng.TestNG.run(TestNG.java:1079)
	at org.testng.remote.AbstractRemoteTestNG.run(AbstractRemoteTestNG.java:115)
	at org.testng.remote.RemoteTestNG.initAndRun(RemoteTestNG.java:293)
	at org.testng.remote.RemoteTestNG.main(RemoteTestNG.java:91)
</pre></div></td>
<td>0</td>
<td>com.ibm.test.CartPageTest@65e98b1c</td></tr>
</table><p>
</body>
</html>