<?xml version="1.0" encoding="UTF-8"?>
<!-- Generated by org.testng.reporters.JUnitXMLReporter -->
<testsuite ignored="6" hostname="IBM-25PV4D4" failures="0" tests="7" name="Test" time="40.036" errors="0" timestamp="2026-01-02T02:51:40 IST">
  <testcase classname="com.ibm.test.HomePageTest" name="navbarTest" time="1.468"/>
  <testcase classname="com.ibm.test.HomePageTest" name="slidingWindowTest" time="4.74"/>
  <testcase classname="com.ibm.test.HomePageTest" name="categoriesListTest" time="10.558"/>
  <testcase classname="com.ibm.test.HomePageTest" name="previousButttonAndNextButtonTest" time="2.437"/>
  <testcase classname="com.ibm.test.SignupPageTest" name="signupPageTest" time="3.186"/>
  <testcase classname="com.ibm.test.LoginTest" name="loginTest" time="12.106"/>
  <testcase classname="com.ibm.test.CartPageTest" name="cartTest" time="5.235"/>
  <testcase classname="com.ibm.basetest.BaseTest" name="@AfterSuite tearDown" time="0.0">
    <ignored/>
  </testcase> <!-- @AfterSuite tearDown -->
  <testcase classname="com.ibm.basetest.BaseTest" name="@BeforeSuite setup" time="0.0">
    <ignored/>
  </testcase> <!-- @BeforeSuite setup -->
  <testcase classname="com.ibm.basetest.BaseTest" name="@BeforeSuite setup" time="0.0">
    <ignored/>
  </testcase> <!-- @BeforeSuite setup -->
  <testcase classname="com.ibm.basetest.BaseTest" name="@AfterSuite tearDown" time="0.0">
    <ignored/>
  </testcase> <!-- @AfterSuite tearDown -->
  <testcase classname="com.ibm.basetest.BaseTest" name="@AfterSuite tearDown" time="0.0">
    <ignored/>
  </testcase> <!-- @AfterSuite tearDown -->
  <testcase classname="com.ibm.basetest.BaseTest" name="@BeforeSuite setup" time="0.0">
    <ignored/>
  </testcase> <!-- @BeforeSuite setup -->
</testsuite> <!-- Test -->
