<?xml version="1.0" encoding="UTF-8"?>
<!-- Generated by org.testng.reporters.JUnitXMLReporter -->
<testsuite ignored="6" hostname="IBM-25PV4D4" failures="1" tests="16" name="Test" time="61.134" errors="0" timestamp="2026-01-09T14:59:32 IST">
  <testcase classname="com.ibm.test.HomePageTest" name="navbarTest" time="1.944"/>
  <testcase classname="com.ibm.test.HomePageTest" name="slidingWindowTest" time="4.826"/>
  <testcase classname="com.ibm.test.HomePageTest" name="categoriesListTest" time="10.758"/>
  <testcase classname="com.ibm.test.HomePageTest" name="previousButttonAndNextButtonTest" time="2.505"/>
  <testcase classname="com.ibm.test.SignupPageTest" name="signupPageTest" time="3.716"/>
  <testcase classname="com.ibm.test.SignupPageTest" name="signupPageTest" time="3.48"/>
  <testcase classname="com.ibm.test.SignupPageTest" name="signupPageTest" time="3.72"/>
  <testcase classname="com.ibm.test.SignupPageTest" name="signupPageTest" time="3.597"/>
  <testcase classname="com.ibm.test.SignupPageTest" name="signupPageTest" time="3.823"/>
  <testcase classname="com.ibm.test.LoginTest" name="loginTest" time="3.476"/>
  <testcase classname="com.ibm.test.LoginTest" name="loginTest" time="3.724"/>
  <testcase classname="com.ibm.test.LoginTest" name="loginTest" time="3.732"/>
  <testcase classname="com.ibm.test.LoginTest" name="loginTest" time="4.47"/>
  <testcase classname="com.ibm.test.LoginTest" name="loginTest" time="0.047">
    <failure type="org.openqa.selenium.ElementClickInterceptedException" message="Element &amp;lt;a id=&amp;quot;login2&amp;quot; class=&amp;quot;nav-link&amp;quot; href=&amp;quot;#&amp;quot;&amp;gt; is not clickable at point (1018,37) because another element &amp;lt;div class=&amp;quot;modal-backdrop fade&amp;quot;&amp;gt; obscures it
Build info: version: &amp;apos;4.18.1&amp;apos;, revision: &amp;apos;b1d3319b48&amp;apos;
System info: os.name: &amp;apos;Windows 11&amp;apos;, os.arch: &amp;apos;amd64&amp;apos;, os.version: &amp;apos;10.0&amp;apos;, java.version: &amp;apos;21.0.9&amp;apos;
Driver info: org.openqa.selenium.firefox.FirefoxDriver
Command: [f41ffcfc-c751-4b1e-a917-5714359582e1, clickElement {id=b0f57187-07ca-48cf-b758-7f97366bb44e}]
Capabilities {acceptInsecureCerts: true, browserName: firefox, browserVersion: 146.0.1, moz:accessibilityChecks: false, moz:buildID: 20251217121356, moz:geckodriverVersion: 0.36.0, moz:headless: false, moz:platformVersion: 10.0, moz:processID: 24740, moz:profile: C:\Users\ABHIJI~1\AppData\L..., moz:shutdownTimeout: 60000, moz:webdriverClick: true, moz:windowless: false, pageLoadStrategy: normal, platformName: windows, proxy: Proxy(), setWindowRect: true, strictFileInteractability: false, timeouts: {implicit: 0, pageLoad: 300000, script: 30000}, unhandledPromptBehavior: dismiss and notify, userAgent: Mozilla/5.0 (Windows NT 10....}
Element: [[FirefoxDriver: firefox on windows (f41ffcfc-c751-4b1e-a917-5714359582e1)] -&amp;gt; xpath: //*[@id=&amp;quot;login2&amp;quot;]]
Session ID: f41ffcfc-c751-4b1e-a917-5714359582e1">
      <![CDATA[org.openqa.selenium.ElementClickInterceptedException: Element <a id="login2" class="nav-link" href="#"> is not clickable at point (1018,37) because another element <div class="modal-backdrop fade"> obscures it
Build info: version: '4.18.1', revision: 'b1d3319b48'
System info: os.name: 'Windows 11', os.arch: 'amd64', os.version: '10.0', java.version: '21.0.9'
Driver info: org.openqa.selenium.firefox.FirefoxDriver
Command: [f41ffcfc-c751-4b1e-a917-5714359582e1, clickElement {id=b0f57187-07ca-48cf-b758-7f97366bb44e}]
Capabilities {acceptInsecureCerts: true, browserName: firefox, browserVersion: 146.0.1, moz:accessibilityChecks: false, moz:buildID: 20251217121356, moz:geckodriverVersion: 0.36.0, moz:headless: false, moz:platformVersion: 10.0, moz:processID: 24740, moz:profile: C:\Users\ABHIJI~1\AppData\L..., moz:shutdownTimeout: 60000, moz:webdriverClick: true, moz:windowless: false, pageLoadStrategy: normal, platformName: windows, proxy: Proxy(), setWindowRect: true, strictFileInteractability: false, timeouts: {implicit: 0, pageLoad: 300000, script: 30000}, unhandledPromptBehavior: dismiss and notify, userAgent: Mozilla/5.0 (Windows NT 10....}
Element: [[FirefoxDriver: firefox on windows (f41ffcfc-c751-4b1e-a917-5714359582e1)] -> xpath: //*[@id="login2"]]
Session ID: f41ffcfc-c751-4b1e-a917-5714359582e1
at org.openqa.selenium.remote.ErrorCodec.decode(ErrorCodec.java:167)
at org.openqa.selenium.remote.codec.w3c.W3CHttpResponseCodec.decode(W3CHttpResponseCodec.java:138)
at org.openqa.selenium.remote.codec.w3c.W3CHttpResponseCodec.decode(W3CHttpResponseCodec.java:50)
at org.openqa.selenium.remote.HttpCommandExecutor.execute(HttpCommandExecutor.java:190)
at org.openqa.selenium.remote.service.DriverCommandExecutor.invokeExecute(DriverCommandExecutor.java:216)
at org.openqa.selenium.remote.service.DriverCommandExecutor.execute(DriverCommandExecutor.java:174)
at org.openqa.selenium.remote.RemoteWebDriver.execute(RemoteWebDriver.java:519)
at org.openqa.selenium.remote.RemoteWebElement.execute(RemoteWebElement.java:223)
at org.openqa.selenium.remote.RemoteWebElement.click(RemoteWebElement.java:76)
at com.ibm.page.LoginPage.loginPage(LoginPage.java:36)
at com.ibm.test.LoginTest.loginTest(LoginTest.java:25)
at java.base/java.util.ArrayList.forEach(ArrayList.java:1596)
... Removed 28 stack frames]]>
    </failure>
  </testcase> <!-- loginTest -->
  <testcase classname="com.ibm.test.LoginTest" name="loginTest" time="4.083"/>
  <testcase classname="com.ibm.test.CartPageTest" name="cartTest" time="0.0">
    <skipped/>
  </testcase> <!-- cartTest -->
  <testcase classname="com.ibm.basetest.BaseTest" name="@AfterSuite tearDown" time="0.0">
    <ignored/>
  </testcase> <!-- @AfterSuite tearDown -->
  <testcase classname="com.ibm.basetest.BaseTest" name="@AfterSuite tearDown" time="0.0">
    <ignored/>
  </testcase> <!-- @AfterSuite tearDown -->
  <testcase classname="com.ibm.basetest.BaseTest" name="@BeforeSuite setup" time="0.0">
    <ignored/>
  </testcase> <!-- @BeforeSuite setup -->
  <testcase classname="com.ibm.basetest.BaseTest" name="@BeforeSuite setup" time="0.0">
    <ignored/>
  </testcase> <!-- @BeforeSuite setup -->
  <testcase classname="com.ibm.basetest.BaseTest" name="@AfterSuite tearDown" time="0.0">
    <ignored/>
  </testcase> <!-- @AfterSuite tearDown -->
  <testcase classname="com.ibm.basetest.BaseTest" name="@BeforeSuite setup" time="0.0">
    <ignored/>
  </testcase> <!-- @BeforeSuite setup -->
</testsuite> <!-- Test -->
