<!DOCTYPE html PUBLIC "-//W3C//DTD XHTML 1.1//EN" "https://www.w3.org/TR/xhtml11/DTD/xhtml11.dtd">
<html xmlns="https://www.w3.org/1999/xhtml">
<head>
<meta http-equiv="content-type" content="text/html; charset=UTF-8"/>
<title>TestNG Report</title>
<style type="text/css">table {margin-bottom:10px;border-collapse:collapse;empty-cells:show}th,td {border:1px solid #009;padding:.25em .5em}th {vertical-align:bottom}td {vertical-align:top}table a {font-weight:bold}.stripe td {background-color: #E6EBF9}.num {text-align:right}.passedodd td {background-color: #3F3}.passedeven td {background-color: #0A0}.skippedodd td {background-color: #DDD}.skippedeven td {background-color: #CCC}.failedodd td,.attn {background-color: #F33}.failedeven td,.stripe .attn {background-color: #D00}.stacktrace {white-space:pre;font-family:monospace}.totop {font-size:85%;text-align:center;border-bottom:2px solid #000}.invisible {display:none}</style>
</head>
<body>
<table>
<tr><th>Test</th><th># Passed</th><th># Skipped</th><th># Retried</th><th># Failed</th><th>Time (ms)</th><th>Included Groups</th><th>Excluded Groups</th></tr>
<tr><th colspan="8">Surefire suite</th></tr>
<tr><td><a href="#t0">Surefire test</a></td><td class="num">0</td><td class="num attn">16</td><td class="num">0</td><td class="num">0</td><td class="num">1,376</td><td></td><td></td></tr>
</table>
<table id='summary'><thead><tr><th>Class</th><th>Method</th><th>Start</th><th>Time (ms)</th></tr></thead><tbody><tr><th colspan="4">Surefire suite</th></tr></tbody><tbody id="t0"><tr><th colspan="4">Surefire test &#8212; failed (configuration methods)</th></tr><tr class="failedeven"><td rowspan="1">com.ibm.basetest.BaseTest</td><td><a href="#m0">setup</a></td><td rowspan="1">1767899915719</td><td rowspan="1">-1767899915719</td></tr><tr><th colspan="4">Surefire test &#8212; skipped (configuration methods)</th></tr><tr class="skippedeven"><td rowspan="1">com.ibm.basetest.BaseTest</td><td><a href="#m1">tearDown</a></td><td rowspan="1">1767899917205</td><td rowspan="1">0</td></tr><tr class="skippedodd"><td rowspan="1">com.ibm.test.CartPageTest</td><td><a href="#m2">init</a></td><td rowspan="1">1767899915795</td><td rowspan="1">0</td></tr><tr class="skippedeven"><td rowspan="6">com.ibm.test.LoginTest</td><td><a href="#m3">init</a></td><td rowspan="6">1767899917017</td><td rowspan="6">0</td></tr><tr class="skippedeven"><td><a href="#m4">init</a></td></tr><tr class="skippedeven"><td><a href="#m5">init</a></td></tr><tr class="skippedeven"><td><a href="#m6">init</a></td></tr><tr class="skippedeven"><td><a href="#m7">init</a></td></tr><tr class="skippedeven"><td><a href="#m8">init</a></td></tr><tr class="skippedodd"><td rowspan="5">com.ibm.test.SignupPageTest</td><td><a href="#m9">init</a></td><td rowspan="5">1767899917108</td><td rowspan="5">0</td></tr><tr class="skippedodd"><td><a href="#m10">init</a></td></tr><tr class="skippedodd"><td><a href="#m11">init</a></td></tr><tr class="skippedodd"><td><a href="#m12">init</a></td></tr><tr class="skippedodd"><td><a href="#m13">init</a></td></tr><tr><th colspan="4">Surefire test &#8212; skipped</th></tr><tr class="skippedeven"><td rowspan="1">com.ibm.test.CartPageTest</td><td><a href="#m14">cartTest</a></td><td rowspan="1">1767899915798</td><td rowspan="1">0</td></tr><tr class="skippedodd"><td rowspan="4">com.ibm.test.HomePageTest</td><td><a href="#m15">categoriesListTest</a></td><td rowspan="1">1767899915835</td><td rowspan="1">1</td></tr><tr class="skippedodd"><td><a href="#m16">navbarTest</a></td><td rowspan="1">1767899915821</td><td rowspan="1">0</td></tr><tr class="skippedodd"><td><a href="#m17">previousButttonAndNextButtonTest</a></td><td rowspan="1">1767899915841</td><td rowspan="1">0</td></tr><tr class="skippedodd"><td><a href="#m18">slidingWindowTest</a></td><td rowspan="1">1767899915831</td><td rowspan="1">0</td></tr><tr class="skippedeven"><td rowspan="6">com.ibm.test.LoginTest</td><td><a href="#m19">loginTest</a></td><td rowspan="6">1767899917033</td><td rowspan="6">0</td></tr><tr class="skippedeven"><td><a href="#m20">loginTest</a></td></tr><tr class="skippedeven"><td><a href="#m21">loginTest</a></td></tr><tr class="skippedeven"><td><a href="#m22">loginTest</a></td></tr><tr class="skippedeven"><td><a href="#m23">loginTest</a></td></tr><tr class="skippedeven"><td><a href="#m24">loginTest</a></td></tr><tr class="skippedodd"><td rowspan="5">com.ibm.test.SignupPageTest</td><td><a href="#m25">signupPageTest</a></td><td rowspan="5">1767899917114</td><td rowspan="5">0</td></tr><tr class="skippedodd"><td><a href="#m26">signupPageTest</a></td></tr><tr class="skippedodd"><td><a href="#m27">signupPageTest</a></td></tr><tr class="skippedodd"><td><a href="#m28">signupPageTest</a></td></tr><tr class="skippedodd"><td><a href="#m29">signupPageTest</a></td></tr></tbody>
</table>
<h2>Surefire test</h2><h3 id="m0">com.ibm.basetest.BaseTest#setup</h3><table class="result"><tr><th>Exception</th></tr><tr><td><div class="stacktrace">org.testng.TestNGException: 
Parameter &apos;browserName&apos; is required by BeforeSuite on method setup but has not been marked @Optional or defined

... Removed 21 stack frames</div></td></tr></table><p class="totop"><a href="#summary">back to summary</a></p>
<h3 id="m1">com.ibm.basetest.BaseTest#tearDown</h3><table class="result"><tr><th class="invisible"/></tr></table><p class="totop"><a href="#summary">back to summary</a></p>
<h3 id="m2">com.ibm.test.CartPageTest#init</h3><table class="result"><tr><th class="invisible"/></tr></table><p class="totop"><a href="#summary">back to summary</a></p>
<h3 id="m3">com.ibm.test.LoginTest#init</h3><table class="result"><tr><th class="invisible"/></tr></table><p class="totop"><a href="#summary">back to summary</a></p>
<h3 id="m4">com.ibm.test.LoginTest#init</h3><table class="result"><tr><th class="invisible"/></tr></table><p class="totop"><a href="#summary">back to summary</a></p>
<h3 id="m5">com.ibm.test.LoginTest#init</h3><table class="result"><tr><th class="invisible"/></tr></table><p class="totop"><a href="#summary">back to summary</a></p>
<h3 id="m6">com.ibm.test.LoginTest#init</h3><table class="result"><tr><th class="invisible"/></tr></table><p class="totop"><a href="#summary">back to summary</a></p>
<h3 id="m7">com.ibm.test.LoginTest#init</h3><table class="result"><tr><th class="invisible"/></tr></table><p class="totop"><a href="#summary">back to summary</a></p>
<h3 id="m8">com.ibm.test.LoginTest#init</h3><table class="result"><tr><th class="invisible"/></tr></table><p class="totop"><a href="#summary">back to summary</a></p>
<h3 id="m9">com.ibm.test.SignupPageTest#init</h3><table class="result"><tr><th class="invisible"/></tr></table><p class="totop"><a href="#summary">back to summary</a></p>
<h3 id="m10">com.ibm.test.SignupPageTest#init</h3><table class="result"><tr><th class="invisible"/></tr></table><p class="totop"><a href="#summary">back to summary</a></p>
<h3 id="m11">com.ibm.test.SignupPageTest#init</h3><table class="result"><tr><th class="invisible"/></tr></table><p class="totop"><a href="#summary">back to summary</a></p>
<h3 id="m12">com.ibm.test.SignupPageTest#init</h3><table class="result"><tr><th class="invisible"/></tr></table><p class="totop"><a href="#summary">back to summary</a></p>
<h3 id="m13">com.ibm.test.SignupPageTest#init</h3><table class="result"><tr><th class="invisible"/></tr></table><p class="totop"><a href="#summary">back to summary</a></p>
<h3 id="m14">com.ibm.test.CartPageTest#cartTest</h3><table class="result"><tr><th>Exception</th></tr><tr><td><div class="stacktrace">org.testng.TestNGException: 
Parameter &apos;browserName&apos; is required by BeforeSuite on method setup but has not been marked @Optional or defined

... Removed 21 stack frames</div></td></tr></table><p class="totop"><a href="#summary">back to summary</a></p>
<h3 id="m15">com.ibm.test.HomePageTest#categoriesListTest</h3><table class="result"><tr><th>Exception</th></tr><tr><td><div class="stacktrace">java.lang.Throwable: Method com.ibm.test.HomePageTest.categoriesListTest() on instance com.ibm.test.HomePageTest@6ab7a896 depends on not successfully finished methods 
[com.ibm.test.HomePageTest.slidingWindowTest() on instance com.ibm.test.HomePageTest@6ab7a896]
	at java.base/java.util.ArrayList.forEach(ArrayList.java:1604)
... Removed 23 stack frames</div></td></tr></table><p class="totop"><a href="#summary">back to summary</a></p>
<h3 id="m16">com.ibm.test.HomePageTest#navbarTest</h3><table class="result"><tr><th>Exception</th></tr><tr><td><div class="stacktrace">org.testng.TestNGException: 
Parameter &apos;browserName&apos; is required by BeforeSuite on method setup but has not been marked @Optional or defined

... Removed 21 stack frames</div></td></tr></table><p class="totop"><a href="#summary">back to summary</a></p>
<h3 id="m17">com.ibm.test.HomePageTest#previousButttonAndNextButtonTest</h3><table class="result"><tr><th>Exception</th></tr><tr><td><div class="stacktrace">java.lang.Throwable: Method com.ibm.test.HomePageTest.previousButttonAndNextButtonTest() on instance com.ibm.test.HomePageTest@6ab7a896 depends on not successfully finished methods 
[com.ibm.test.HomePageTest.categoriesListTest() on instance com.ibm.test.HomePageTest@6ab7a896]
	at java.base/java.util.ArrayList.forEach(ArrayList.java:1604)
... Removed 23 stack frames</div></td></tr></table><p class="totop"><a href="#summary">back to summary</a></p>
<h3 id="m18">com.ibm.test.HomePageTest#slidingWindowTest</h3><table class="result"><tr><th>Exception</th></tr><tr><td><div class="stacktrace">java.lang.Throwable: Method com.ibm.test.HomePageTest.slidingWindowTest() on instance com.ibm.test.HomePageTest@6ab7a896 depends on not successfully finished methods 
[com.ibm.test.HomePageTest.navbarTest() on instance com.ibm.test.HomePageTest@6ab7a896]
	at java.base/java.util.ArrayList.forEach(ArrayList.java:1604)
... Removed 23 stack frames</div></td></tr></table><p class="totop"><a href="#summary">back to summary</a></p>
<h3 id="m19">com.ibm.test.LoginTest#loginTest</h3><table class="result"><tr class="param"><th>Parameter #1</th><th>Parameter #2</th></tr><tr class="param stripe"><td>sham2@gmail.com</td><td>sham@2003</td></tr><tr><th colspan="2">Exception</th></tr><tr><td colspan="2"><div class="stacktrace">org.testng.TestNGException: 
Parameter &apos;browserName&apos; is required by BeforeSuite on method setup but has not been marked @Optional or defined

... Removed 21 stack frames</div></td></tr></table><p class="totop"><a href="#summary">back to summary</a></p>
<h3 id="m20">com.ibm.test.LoginTest#loginTest</h3><table class="result"><tr class="param"><th>Parameter #1</th><th>Parameter #2</th></tr><tr class="param stripe"><td>Abhijitmaiti098@gmail.com</td><td>Abhijitmaiti@2004</td></tr><tr><th colspan="2">Exception</th></tr><tr><td colspan="2"><div class="stacktrace">org.testng.TestNGException: 
Parameter &apos;browserName&apos; is required by BeforeSuite on method setup but has not been marked @Optional or defined

... Removed 21 stack frames</div></td></tr></table><p class="totop"><a href="#summary">back to summary</a></p>
<h3 id="m21">com.ibm.test.LoginTest#loginTest</h3><table class="result"><tr class="param"><th>Parameter #1</th><th>Parameter #2</th></tr><tr class="param stripe"><td>sham22@gmail.com</td><td>sham@2003</td></tr><tr><th colspan="2">Exception</th></tr><tr><td colspan="2"><div class="stacktrace">org.testng.TestNGException: 
Parameter &apos;browserName&apos; is required by BeforeSuite on method setup but has not been marked @Optional or defined

... Removed 21 stack frames</div></td></tr></table><p class="totop"><a href="#summary">back to summary</a></p>
<h3 id="m22">com.ibm.test.LoginTest#loginTest</h3><table class="result"><tr class="param"><th>Parameter #1</th><th>Parameter #2</th></tr><tr class="param stripe"><td>Admin@gmail.com</td><td>admin@2004</td></tr><tr><th colspan="2">Exception</th></tr><tr><td colspan="2"><div class="stacktrace">org.testng.TestNGException: 
Parameter &apos;browserName&apos; is required by BeforeSuite on method setup but has not been marked @Optional or defined

... Removed 21 stack frames</div></td></tr></table><p class="totop"><a href="#summary">back to summary</a></p>
<h3 id="m23">com.ibm.test.LoginTest#loginTest</h3><table class="result"><tr class="param"><th>Parameter #1</th><th>Parameter #2</th></tr><tr class="param stripe"><td>maiti@gamil.com</td><td>maiti@2004</td></tr><tr><th colspan="2">Exception</th></tr><tr><td colspan="2"><div class="stacktrace">org.testng.TestNGException: 
Parameter &apos;browserName&apos; is required by BeforeSuite on method setup but has not been marked @Optional or defined

... Removed 21 stack frames</div></td></tr></table><p class="totop"><a href="#summary">back to summary</a></p>
<h3 id="m24">com.ibm.test.LoginTest#loginTest</h3><table class="result"><tr class="param"><th>Parameter #1</th><th>Parameter #2</th></tr><tr class="param stripe"><td>Abhijitmaiti0966@gmail.com</td><td>Abhijit@2004</td></tr><tr><th colspan="2">Exception</th></tr><tr><td colspan="2"><div class="stacktrace">org.testng.TestNGException: 
Parameter &apos;browserName&apos; is required by BeforeSuite on method setup but has not been marked @Optional or defined

... Removed 21 stack frames</div></td></tr></table><p class="totop"><a href="#summary">back to summary</a></p>
<h3 id="m25">com.ibm.test.SignupPageTest#signupPageTest</h3><table class="result"><tr class="param"><th>Parameter #1</th><th>Parameter #2</th></tr><tr class="param stripe"><td>mait32tik@gamil.com</td><td>maiti@2004</td></tr><tr><th colspan="2">Exception</th></tr><tr><td colspan="2"><div class="stacktrace">org.testng.TestNGException: 
Parameter &apos;browserName&apos; is required by BeforeSuite on method setup but has not been marked @Optional or defined

... Removed 21 stack frames</div></td></tr></table><p class="totop"><a href="#summary">back to summary</a></p>
<h3 id="m26">com.ibm.test.SignupPageTest#signupPageTest</h3><table class="result"><tr class="param"><th>Parameter #1</th><th>Parameter #2</th></tr><tr class="param stripe"><td>Admin4986@gmail.com</td><td>admin@2004</td></tr><tr><th colspan="2">Exception</th></tr><tr><td colspan="2"><div class="stacktrace">org.testng.TestNGException: 
Parameter &apos;browserName&apos; is required by BeforeSuite on method setup but has not been marked @Optional or defined

... Removed 21 stack frames</div></td></tr></table><p class="totop"><a href="#summary">back to summary</a></p>
<h3 id="m27">com.ibm.test.SignupPageTest#signupPageTest</h3><table class="result"><tr class="param"><th>Parameter #1</th><th>Parameter #2</th></tr><tr class="param stripe"><td>sham22@gmail.com</td><td>sham@2003</td></tr><tr><th colspan="2">Exception</th></tr><tr><td colspan="2"><div class="stacktrace">org.testng.TestNGException: 
Parameter &apos;browserName&apos; is required by BeforeSuite on method setup but has not been marked @Optional or defined

... Removed 21 stack frames</div></td></tr></table><p class="totop"><a href="#summary">back to summary</a></p>
<h3 id="m28">com.ibm.test.SignupPageTest#signupPageTest</h3><table class="result"><tr class="param"><th>Parameter #1</th><th>Parameter #2</th></tr><tr class="param stripe"><td>Abhi00488@gmail.com</td><td>Abhijitmaiti@2004</td></tr><tr><th colspan="2">Exception</th></tr><tr><td colspan="2"><div class="stacktrace">org.testng.TestNGException: 
Parameter &apos;browserName&apos; is required by BeforeSuite on method setup but has not been marked @Optional or defined

... Removed 21 stack frames</div></td></tr></table><p class="totop"><a href="#summary">back to summary</a></p>
<h3 id="m29">com.ibm.test.SignupPageTest#signupPageTest</h3><table class="result"><tr class="param"><th>Parameter #1</th><th>Parameter #2</th></tr><tr class="param stripe"><td>Abhi02419@gmail.com</td><td>Abhijit@2004</td></tr><tr><th colspan="2">Exception</th></tr><tr><td colspan="2"><div class="stacktrace">org.testng.TestNGException: 
Parameter &apos;browserName&apos; is required by BeforeSuite on method setup but has not been marked @Optional or defined

... Removed 21 stack frames</div></td></tr></table><p class="totop"><a href="#summary">back to summary</a></p>
</body>
</html>
