<?xml version="1.0" encoding="UTF-8"?>
<testsuite xmlns:xsi="http://www.w3.org/2001/XMLSchema-instance" xsi:noNamespaceSchemaLocation="https://maven.apache.org/surefire/maven-surefire-plugin/xsd/surefire-test-report-3.0.xsd" version="3.0" name="TestSuite" time="2.381" tests="30" errors="0" skipped="29" failures="1">
  <properties>
[...]
</properties>
  <testcase name="setup" classname="com.ibm.basetest.BaseTest" time="0.673">
    <failure message="&#10;Parameter &apos;browserName&apos; is required by BeforeSuite on method setup but has not been marked @Optional or defined&#10;" type="org.testng.TestNGException"><![CDATA[org.testng.TestNGException: 

Parameter 'browserName' is required by BeforeSuite on method setup but has not been marked @Optional or defined

	at org.testng.internal.Parameters.createParams(Parameters.java:264)
	at org.testng.internal.Parameters.createParametersForMethod(Parameters.java:352)
	at org.testng.internal.Parameters.createParameters(Parameters.java:690)
	at org.testng.internal.Parameters.createConfigurationParameters(Parameters.java:163)
	at org.testng.internal.invokers.ConfigInvoker.invokeConfigurations(ConfigInvoker.java:313)
	at org.testng.SuiteRunner.privateRun(SuiteRunner.java:358)
	at org.testng.SuiteRunner.run(SuiteRunner.java:312)
	at org.testng.SuiteRunnerWorker.runSuite(SuiteRunnerWorker.java:52)
	at org.testng.SuiteRunnerWorker.run(SuiteRunnerWorker.java:95)
	at org.testng.TestNG.runSuitesSequentially(TestNG.java:1274)
	at org.testng.TestNG.runSuitesLocally(TestNG.java:1208)
	at org.testng.TestNG.runSuites(TestNG.java:1112)
	at org.testng.TestNG.run(TestNG.java:1079)
	at org.apache.maven.surefire.testng.TestNGExecutor.run(TestNGExecutor.java:155)
	at org.apache.maven.surefire.testng.TestNGDirectoryTestSuite.executeMulti(TestNGDirectoryTestSuite.java:169)
	at org.apache.maven.surefire.testng.TestNGDirectoryTestSuite.execute(TestNGDirectoryTestSuite.java:88)
	at org.apache.maven.surefire.testng.TestNGProvider.invoke(TestNGProvider.java:137)
	at org.apache.maven.surefire.booter.ForkedBooter.runSuitesInProcess(ForkedBooter.java:385)
	at org.apache.maven.surefire.booter.ForkedBooter.execute(ForkedBooter.java:162)
	at org.apache.maven.surefire.booter.ForkedBooter.run(ForkedBooter.java:507)
	at org.apache.maven.surefire.booter.ForkedBooter.main(ForkedBooter.java:495)
]]></failure>
    <system-err><![CDATA[SLF4J(W): No SLF4J providers were found.
SLF4J(W): Defaulting to no-operation (NOP) logger implementation
SLF4J(W): See https://www.slf4j.org/codes.html#noProviders for further details.
]]></system-err>
  </testcase>
  <testcase name="tearDown" classname="com.ibm.basetest.BaseTest" time="0.0">
    <skipped/>
  </testcase>
  <testcase name="init" classname="com.ibm.test.CartPageTest" time="0.0">
    <skipped/>
  </testcase>
  <testcase name="cartTest" classname="com.ibm.test.CartPageTest" time="0.0">
    <skipped message="&#10;Parameter &apos;browserName&apos; is required by BeforeSuite on method setup but has not been marked @Optional or defined&#10;"/>
    <system-out><![CDATA[Started: cartTest
]]></system-out>
  </testcase>
  <testcase name="navbarTest" classname="com.ibm.test.HomePageTest" time="0.0">
    <skipped message="&#10;Parameter &apos;browserName&apos; is required by BeforeSuite on method setup but has not been marked @Optional or defined&#10;"/>
    <system-out><![CDATA[Started: navbarTest
]]></system-out>
  </testcase>
  <testcase name="slidingWindowTest" classname="com.ibm.test.HomePageTest" time="0.0">
    <skipped message="Method com.ibm.test.HomePageTest.slidingWindowTest() on instance com.ibm.test.HomePageTest@6ab7a896 depends on not successfully finished methods &#10;[com.ibm.test.HomePageTest.navbarTest() on instance com.ibm.test.HomePageTest@6ab7a896]"/>
    <system-out><![CDATA[Started: slidingWindowTest
]]></system-out>
  </testcase>
  <testcase name="categoriesListTest" classname="com.ibm.test.HomePageTest" time="0.0">
    <skipped message="Method com.ibm.test.HomePageTest.categoriesListTest() on instance com.ibm.test.HomePageTest@6ab7a896 depends on not successfully finished methods &#10;[com.ibm.test.HomePageTest.slidingWindowTest() on instance com.ibm.test.HomePageTest@6ab7a896]"/>
    <system-out><![CDATA[Started: categoriesListTest
]]></system-out>
  </testcase>
  <testcase name="previousButttonAndNextButtonTest" classname="com.ibm.test.HomePageTest" time="0.0">
    <skipped message="Method com.ibm.test.HomePageTest.previousButttonAndNextButtonTest() on instance com.ibm.test.HomePageTest@6ab7a896 depends on not successfully finished methods &#10;[com.ibm.test.HomePageTest.categoriesListTest() on instance com.ibm.test.HomePageTest@6ab7a896]"/>
    <system-out><![CDATA[Started: previousButttonAndNextButtonTest
]]></system-out>
  </testcase>
  <testcase name="init" classname="com.ibm.test.LoginTest" time="0.0">
    <skipped/>
    <system-out><![CDATA[2026-01-08T19:18:35.974679900Z main ERROR Log4j API could not find a logging provider.
]]></system-out>
  </testcase>
  <testcase name="init" classname="com.ibm.test.LoginTest" time="0.0">
    <skipped/>
  </testcase>
  <testcase name="init" classname="com.ibm.test.LoginTest" time="0.0">
    <skipped/>
  </testcase>
  <testcase name="init" classname="com.ibm.test.LoginTest" time="0.0">
    <skipped/>
  </testcase>
  <testcase name="init" classname="com.ibm.test.LoginTest" time="0.0">
    <skipped/>
  </testcase>
  <testcase name="init" classname="com.ibm.test.LoginTest" time="0.0">
    <skipped/>
  </testcase>
  <testcase name="loginTest[Admin@gmail.com, admin@2004](1)" classname="com.ibm.test.LoginTest" time="0.0">
    <skipped message="&#10;Parameter &apos;browserName&apos; is required by BeforeSuite on method setup but has not been marked @Optional or defined&#10;"/>
    <system-out><![CDATA[Started: loginTest
]]></system-out>
  </testcase>
  <testcase name="loginTest[Abhijitmaiti0966@gmail.com, Abhijit@2004](2)" classname="com.ibm.test.LoginTest" time="0.0">
    <skipped message="&#10;Parameter &apos;browserName&apos; is required by BeforeSuite on method setup but has not been marked @Optional or defined&#10;"/>
    <system-out><![CDATA[Started: loginTest
]]></system-out>
  </testcase>
  <testcase name="loginTest[Abhijitmaiti098@gmail.com, Abhijitmaiti@2004](3)" classname="com.ibm.test.LoginTest" time="0.0">
    <skipped message="&#10;Parameter &apos;browserName&apos; is required by BeforeSuite on method setup but has not been marked @Optional or defined&#10;"/>
    <system-out><![CDATA[Started: loginTest
]]></system-out>
  </testcase>
  <testcase name="loginTest[maiti@gamil.com, maiti@2004](4)" classname="com.ibm.test.LoginTest" time="0.0">
    <skipped message="&#10;Parameter &apos;browserName&apos; is required by BeforeSuite on method setup but has not been marked @Optional or defined&#10;"/>
    <system-out><![CDATA[Started: loginTest
]]></system-out>
  </testcase>
  <testcase name="loginTest[sham2@gmail.com, sham@2003](5)" classname="com.ibm.test.LoginTest" time="0.0">
    <skipped message="&#10;Parameter &apos;browserName&apos; is required by BeforeSuite on method setup but has not been marked @Optional or defined&#10;"/>
    <system-out><![CDATA[Started: loginTest
]]></system-out>
  </testcase>
  <testcase name="loginTest[sham22@gmail.com, sham@2003](6)" classname="com.ibm.test.LoginTest" time="0.0">
    <skipped message="&#10;Parameter &apos;browserName&apos; is required by BeforeSuite on method setup but has not been marked @Optional or defined&#10;"/>
    <system-out><![CDATA[Started: loginTest
]]></system-out>
  </testcase>
  <testcase name="init" classname="com.ibm.test.SignupPageTest" time="0.0">
    <skipped/>
  </testcase>
  <testcase name="init" classname="com.ibm.test.SignupPageTest" time="0.0">
    <skipped/>
  </testcase>
  <testcase name="init" classname="com.ibm.test.SignupPageTest" time="0.0">
    <skipped/>
  </testcase>
  <testcase name="init" classname="com.ibm.test.SignupPageTest" time="0.0">
    <skipped/>
  </testcase>
  <testcase name="init" classname="com.ibm.test.SignupPageTest" time="0.0">
    <skipped/>
  </testcase>
  <testcase name="signupPageTest[Admin4986@gmail.com, admin@2004](1)" classname="com.ibm.test.SignupPageTest" time="0.0">
    <skipped message="&#10;Parameter &apos;browserName&apos; is required by BeforeSuite on method setup but has not been marked @Optional or defined&#10;"/>
    <system-out><![CDATA[Started: signupPageTest
]]></system-out>
  </testcase>
  <testcase name="signupPageTest[Abhi02419@gmail.com, Abhijit@2004](2)" classname="com.ibm.test.SignupPageTest" time="0.0">
    <skipped message="&#10;Parameter &apos;browserName&apos; is required by BeforeSuite on method setup but has not been marked @Optional or defined&#10;"/>
    <system-out><![CDATA[Started: signupPageTest
]]></system-out>
  </testcase>
  <testcase name="signupPageTest[Abhi00488@gmail.com, Abhijitmaiti@2004](3)" classname="com.ibm.test.SignupPageTest" time="0.0">
    <skipped message="&#10;Parameter &apos;browserName&apos; is required by BeforeSuite on method setup but has not been marked @Optional or defined&#10;"/>
    <system-out><![CDATA[Started: signupPageTest
]]></system-out>
  </testcase>
  <testcase name="signupPageTest[mait32tik@gamil.com, maiti@2004](4)" classname="com.ibm.test.SignupPageTest" time="0.0">
    <skipped message="&#10;Parameter &apos;browserName&apos; is required by BeforeSuite on method setup but has not been marked @Optional or defined&#10;"/>
    <system-out><![CDATA[Started: signupPageTest
]]></system-out>
  </testcase>
  <testcase name="signupPageTest[sham22@gmail.com, sham@2003](5)" classname="com.ibm.test.SignupPageTest" time="0.0">
    <skipped message="&#10;Parameter &apos;browserName&apos; is required by BeforeSuite on method setup but has not been marked @Optional or defined&#10;"/>
    <system-out><![CDATA[Started: signupPageTest
]]></system-out>
  </testcase>
</testsuite>