<?xml version="1.0" encoding="UTF-8"?>
<testsuite xmlns:xsi="http://www.w3.org/2001/XMLSchema-instance" xsi:noNamespaceSchemaLocation="https://maven.apache.org/surefire/maven-surefire-plugin/xsd/surefire-test-report-3.0.xsd" version="3.0" name="TestSuite" time="2.381" tests="30" errors="0" skipped="29" failures="1">
  <properties>
    <property name="java.specification.version" value="25"/>
    <property name="sun.cpu.isalist" value="amd64"/>
    <property name="sun.jnu.encoding" value="Cp1252"/>
    <property name="java.class.path" value="C:\Users\AbhijitMaiti\IBM_Training_WorkSpace\PraticePOM\target\test-classes;C:\Users\AbhijitMaiti\IBM_Training_WorkSpace\PraticePOM\target\classes;C:\Users\AbhijitMaiti\.m2\repository\org\seleniumhq\selenium\selenium-java\4.18.1\selenium-java-4.18.1.jar;C:\Users\AbhijitMaiti\.m2\repository\org\seleniumhq\selenium\selenium-api\4.18.1\selenium-api-4.18.1.jar;C:\Users\AbhijitMaiti\.m2\repository\org\seleniumhq\selenium\selenium-chrome-driver\4.18.1\selenium-chrome-driver-4.18.1.jar;C:\Users\AbhijitMaiti\.m2\repository\com\google\auto\service\auto-service-annotations\1.1.1\auto-service-annotations-1.1.1.jar;C:\Users\AbhijitMaiti\.m2\repository\org\seleniumhq\selenium\selenium-chromium-driver\4.18.1\selenium-chromium-driver-4.18.1.jar;C:\Users\AbhijitMaiti\.m2\repository\org\seleniumhq\selenium\selenium-json\4.18.1\selenium-json-4.18.1.jar;C:\Users\AbhijitMaiti\.m2\repository\org\seleniumhq\selenium\selenium-manager\4.18.1\selenium-manager-4.18.1.jar;C:\Users\AbhijitMaiti\.m2\repository\org\seleniumhq\selenium\selenium-devtools-v120\4.18.1\selenium-devtools-v120-4.18.1.jar;C:\Users\AbhijitMaiti\.m2\repository\org\seleniumhq\selenium\selenium-devtools-v121\4.18.1\selenium-devtools-v121-4.18.1.jar;C:\Users\AbhijitMaiti\.m2\repository\org\seleniumhq\selenium\selenium-devtools-v122\4.18.1\selenium-devtools-v122-4.18.1.jar;C:\Users\AbhijitMaiti\.m2\repository\org\seleniumhq\selenium\selenium-devtools-v85\4.18.1\selenium-devtools-v85-4.18.1.jar;C:\Users\AbhijitMaiti\.m2\repository\org\seleniumhq\selenium\selenium-edge-driver\4.18.1\selenium-edge-driver-4.18.1.jar;C:\Users\AbhijitMaiti\.m2\repository\org\seleniumhq\selenium\selenium-firefox-driver\4.18.1\selenium-firefox-driver-4.18.1.jar;C:\Users\AbhijitMaiti\.m2\repository\org\seleniumhq\selenium\selenium-http\4.18.1\selenium-http-4.18.1.jar;C:\Users\AbhijitMaiti\.m2\repository\dev\failsafe\failsafe\3.3.2\failsafe-3.3.2.jar;C:\Users\AbhijitMaiti\.m2\repository\org\seleniumhq\selenium\selenium-ie-driver\4.18.1\selenium-ie-driver-4.18.1.jar;C:\Users\AbhijitMaiti\.m2\repository\org\seleniumhq\selenium\selenium-remote-driver\4.18.1\selenium-remote-driver-4.18.1.jar;C:\Users\AbhijitMaiti\.m2\repository\com\google\guava\guava\33.0.0-jre\guava-33.0.0-jre.jar;C:\Users\AbhijitMaiti\.m2\repository\com\google\guava\failureaccess\1.0.2\failureaccess-1.0.2.jar;C:\Users\AbhijitMaiti\.m2\repository\com\google\guava\listenablefuture\9999.0-empty-to-avoid-conflict-with-guava\listenablefuture-9999.0-empty-to-avoid-conflict-with-guava.jar;C:\Users\AbhijitMaiti\.m2\repository\com\google\code\findbugs\jsr305\3.0.2\jsr305-3.0.2.jar;C:\Users\AbhijitMaiti\.m2\repository\org\checkerframework\checker-qual\3.41.0\checker-qual-3.41.0.jar;C:\Users\AbhijitMaiti\.m2\repository\com\google\errorprone\error_prone_annotations\2.23.0\error_prone_annotations-2.23.0.jar;C:\Users\AbhijitMaiti\.m2\repository\com\google\j2objc\j2objc-annotations\2.8\j2objc-annotations-2.8.jar;C:\Users\AbhijitMaiti\.m2\repository\io\opentelemetry\semconv\opentelemetry-semconv\1.23.1-alpha\opentelemetry-semconv-1.23.1-alpha.jar;C:\Users\AbhijitMaiti\.m2\repository\io\opentelemetry\opentelemetry-api\1.35.0\opentelemetry-api-1.35.0.jar;C:\Users\AbhijitMaiti\.m2\repository\io\opentelemetry\opentelemetry-context\1.35.0\opentelemetry-context-1.35.0.jar;C:\Users\AbhijitMaiti\.m2\repository\io\opentelemetry\opentelemetry-exporter-logging\1.35.0\opentelemetry-exporter-logging-1.35.0.jar;C:\Users\AbhijitMaiti\.m2\repository\io\opentelemetry\opentelemetry-sdk-common\1.35.0\opentelemetry-sdk-common-1.35.0.jar;C:\Users\AbhijitMaiti\.m2\repository\io\opentelemetry\opentelemetry-sdk-extension-autoconfigure-spi\1.35.0\opentelemetry-sdk-extension-autoconfigure-spi-1.35.0.jar;C:\Users\AbhijitMaiti\.m2\repository\io\opentelemetry\opentelemetry-sdk-extension-autoconfigure\1.35.0\opentelemetry-sdk-extension-autoconfigure-1.35.0.jar;C:\Users\AbhijitMaiti\.m2\repository\io\opentelemetry\opentelemetry-api-events\1.35.0-alpha\opentelemetry-api-events-1.35.0-alpha.jar;C:\Users\AbhijitMaiti\.m2\repository\io\opentelemetry\opentelemetry-sdk-trace\1.35.0\opentelemetry-sdk-trace-1.35.0.jar;C:\Users\AbhijitMaiti\.m2\repository\io\opentelemetry\opentelemetry-extension-incubator\1.35.0-alpha\opentelemetry-extension-incubator-1.35.0-alpha.jar;C:\Users\AbhijitMaiti\.m2\repository\io\opentelemetry\opentelemetry-sdk\1.35.0\opentelemetry-sdk-1.35.0.jar;C:\Users\AbhijitMaiti\.m2\repository\io\opentelemetry\opentelemetry-sdk-metrics\1.35.0\opentelemetry-sdk-metrics-1.35.0.jar;C:\Users\AbhijitMaiti\.m2\repository\io\opentelemetry\opentelemetry-sdk-logs\1.35.0\opentelemetry-sdk-logs-1.35.0.jar;C:\Users\AbhijitMaiti\.m2\repository\net\bytebuddy\byte-buddy\1.14.12\byte-buddy-1.14.12.jar;C:\Users\AbhijitMaiti\.m2\repository\org\seleniumhq\selenium\selenium-os\4.18.1\selenium-os-4.18.1.jar;C:\Users\AbhijitMaiti\.m2\repository\org\apache\commons\commons-exec\1.3\commons-exec-1.3.jar;C:\Users\AbhijitMaiti\.m2\repository\org\seleniumhq\selenium\selenium-safari-driver\4.18.1\selenium-safari-driver-4.18.1.jar;C:\Users\AbhijitMaiti\.m2\repository\org\seleniumhq\selenium\selenium-support\4.18.1\selenium-support-4.18.1.jar;C:\Users\AbhijitMaiti\.m2\repository\org\testng\testng\7.11.0\testng-7.11.0.jar;C:\Users\AbhijitMaiti\.m2\repository\org\slf4j\slf4j-api\2.0.16\slf4j-api-2.0.16.jar;C:\Users\AbhijitMaiti\.m2\repository\org\jcommander\jcommander\1.83\jcommander-1.83.jar;C:\Users\AbhijitMaiti\.m2\repository\org\webjars\jquery\3.7.1\jquery-3.7.1.jar;C:\Users\AbhijitMaiti\.m2\repository\org\apache\poi\poi\5.5.1\poi-5.5.1.jar;C:\Users\AbhijitMaiti\.m2\repository\commons-codec\commons-codec\1.20.0\commons-codec-1.20.0.jar;C:\Users\AbhijitMaiti\.m2\repository\org\apache\commons\commons-collections4\4.5.0\commons-collections4-4.5.0.jar;C:\Users\AbhijitMaiti\.m2\repository\org\apache\commons\commons-math3\3.6.1\commons-math3-3.6.1.jar;C:\Users\AbhijitMaiti\.m2\repository\commons-io\commons-io\2.21.0\commons-io-2.21.0.jar;C:\Users\AbhijitMaiti\.m2\repository\com\zaxxer\SparseBitSet\1.3\SparseBitSet-1.3.jar;C:\Users\AbhijitMaiti\.m2\repository\org\apache\logging\log4j\log4j-api\2.24.3\log4j-api-2.24.3.jar;C:\Users\AbhijitMaiti\.m2\repository\org\apache\poi\poi-ooxml\5.5.1\poi-ooxml-5.5.1.jar;C:\Users\AbhijitMaiti\.m2\repository\org\apache\poi\poi-ooxml-lite\5.5.1\poi-ooxml-lite-5.5.1.jar;C:\Users\AbhijitMaiti\.m2\repository\org\apache\xmlbeans\xmlbeans\5.3.0\xmlbeans-5.3.0.jar;C:\Users\AbhijitMaiti\.m2\repository\org\apache\commons\commons-compress\1.28.0\commons-compress-1.28.0.jar;C:\Users\AbhijitMaiti\.m2\repository\org\apache\commons\commons-lang3\3.18.0\commons-lang3-3.18.0.jar;C:\Users\AbhijitMaiti\.m2\repository\com\github\virtuald\curvesapi\1.08\curvesapi-1.08.jar;"/>
    <property name="java.vm.vendor" value="Eclipse Adoptium"/>
    <property name="sun.arch.data.model" value="64"/>
    <property name="user.variant" value=""/>
    <property name="java.vendor.url" value="https://adoptium.net/"/>
    <property name="user.timezone" value="Asia/Calcutta"/>
    <property name="os.name" value="Windows 11"/>
    <property name="java.vm.specification.version" value="25"/>
    <property name="sun.java.launcher" value="SUN_STANDARD"/>
    <property name="user.country" value="IN"/>
    <property name="sun.boot.library.path" value="C:\Users\AbhijitMaiti\AppData\Local\Programs\Eclipse Adoptium\jdk-25.0.1.8-hotspot\bin"/>
    <property name="sun.java.command" value="C:\Users\AbhijitMaiti\AppData\Local\Temp\surefire9020490059576453968\surefirebooter-20260109004834046_3.jar C:\Users\AbhijitMaiti\AppData\Local\Temp\surefire9020490059576453968 2026-01-09T00-48-33_787-jvmRun1 surefire-20260109004834046_1tmp surefire_0-20260109004834046_2tmp"/>
    <property name="jdk.debug" value="release"/>
    <property name="surefire.test.class.path" value="C:\Users\AbhijitMaiti\IBM_Training_WorkSpace\PraticePOM\target\test-classes;C:\Users\AbhijitMaiti\IBM_Training_WorkSpace\PraticePOM\target\classes;C:\Users\AbhijitMaiti\.m2\repository\org\seleniumhq\selenium\selenium-java\4.18.1\selenium-java-4.18.1.jar;C:\Users\AbhijitMaiti\.m2\repository\org\seleniumhq\selenium\selenium-api\4.18.1\selenium-api-4.18.1.jar;C:\Users\AbhijitMaiti\.m2\repository\org\seleniumhq\selenium\selenium-chrome-driver\4.18.1\selenium-chrome-driver-4.18.1.jar;C:\Users\AbhijitMaiti\.m2\repository\com\google\auto\service\auto-service-annotations\1.1.1\auto-service-annotations-1.1.1.jar;C:\Users\AbhijitMaiti\.m2\repository\org\seleniumhq\selenium\selenium-chromium-driver\4.18.1\selenium-chromium-driver-4.18.1.jar;C:\Users\AbhijitMaiti\.m2\repository\org\seleniumhq\selenium\selenium-json\4.18.1\selenium-json-4.18.1.jar;C:\Users\AbhijitMaiti\.m2\repository\org\seleniumhq\selenium\selenium-manager\4.18.1\selenium-manager-4.18.1.jar;C:\Users\AbhijitMaiti\.m2\repository\org\seleniumhq\selenium\selenium-devtools-v120\4.18.1\selenium-devtools-v120-4.18.1.jar;C:\Users\AbhijitMaiti\.m2\repository\org\seleniumhq\selenium\selenium-devtools-v121\4.18.1\selenium-devtools-v121-4.18.1.jar;C:\Users\AbhijitMaiti\.m2\repository\org\seleniumhq\selenium\selenium-devtools-v122\4.18.1\selenium-devtools-v122-4.18.1.jar;C:\Users\AbhijitMaiti\.m2\repository\org\seleniumhq\selenium\selenium-devtools-v85\4.18.1\selenium-devtools-v85-4.18.1.jar;C:\Users\AbhijitMaiti\.m2\repository\org\seleniumhq\selenium\selenium-edge-driver\4.18.1\selenium-edge-driver-4.18.1.jar;C:\Users\AbhijitMaiti\.m2\repository\org\seleniumhq\selenium\selenium-firefox-driver\4.18.1\selenium-firefox-driver-4.18.1.jar;C:\Users\AbhijitMaiti\.m2\repository\org\seleniumhq\selenium\selenium-http\4.18.1\selenium-http-4.18.1.jar;C:\Users\AbhijitMaiti\.m2\repository\dev\failsafe\failsafe\3.3.2\failsafe-3.3.2.jar;C:\Users\AbhijitMaiti\.m2\repository\org\seleniumhq\selenium\selenium-ie-driver\4.18.1\selenium-ie-driver-4.18.1.jar;C:\Users\AbhijitMaiti\.m2\repository\org\seleniumhq\selenium\selenium-remote-driver\4.18.1\selenium-remote-driver-4.18.1.jar;C:\Users\AbhijitMaiti\.m2\repository\com\google\guava\guava\33.0.0-jre\guava-33.0.0-jre.jar;C:\Users\AbhijitMaiti\.m2\repository\com\google\guava\failureaccess\1.0.2\failureaccess-1.0.2.jar;C:\Users\AbhijitMaiti\.m2\repository\com\google\guava\listenablefuture\9999.0-empty-to-avoid-conflict-with-guava\listenablefuture-9999.0-empty-to-avoid-conflict-with-guava.jar;C:\Users\AbhijitMaiti\.m2\repository\com\google\code\findbugs\jsr305\3.0.2\jsr305-3.0.2.jar;C:\Users\AbhijitMaiti\.m2\repository\org\checkerframework\checker-qual\3.41.0\checker-qual-3.41.0.jar;C:\Users\AbhijitMaiti\.m2\repository\com\google\errorprone\error_prone_annotations\2.23.0\error_prone_annotations-2.23.0.jar;C:\Users\AbhijitMaiti\.m2\repository\com\google\j2objc\j2objc-annotations\2.8\j2objc-annotations-2.8.jar;C:\Users\AbhijitMaiti\.m2\repository\io\opentelemetry\semconv\opentelemetry-semconv\1.23.1-alpha\opentelemetry-semconv-1.23.1-alpha.jar;C:\Users\AbhijitMaiti\.m2\repository\io\opentelemetry\opentelemetry-api\1.35.0\opentelemetry-api-1.35.0.jar;C:\Users\AbhijitMaiti\.m2\repository\io\opentelemetry\opentelemetry-context\1.35.0\opentelemetry-context-1.35.0.jar;C:\Users\AbhijitMaiti\.m2\repository\io\opentelemetry\opentelemetry-exporter-logging\1.35.0\opentelemetry-exporter-logging-1.35.0.jar;C:\Users\AbhijitMaiti\.m2\repository\io\opentelemetry\opentelemetry-sdk-common\1.35.0\opentelemetry-sdk-common-1.35.0.jar;C:\Users\AbhijitMaiti\.m2\repository\io\opentelemetry\opentelemetry-sdk-extension-autoconfigure-spi\1.35.0\opentelemetry-sdk-extension-autoconfigure-spi-1.35.0.jar;C:\Users\AbhijitMaiti\.m2\repository\io\opentelemetry\opentelemetry-sdk-extension-autoconfigure\1.35.0\opentelemetry-sdk-extension-autoconfigure-1.35.0.jar;C:\Users\AbhijitMaiti\.m2\repository\io\opentelemetry\opentelemetry-api-events\1.35.0-alpha\opentelemetry-api-events-1.35.0-alpha.jar;C:\Users\AbhijitMaiti\.m2\repository\io\opentelemetry\opentelemetry-sdk-trace\1.35.0\opentelemetry-sdk-trace-1.35.0.jar;C:\Users\AbhijitMaiti\.m2\repository\io\opentelemetry\opentelemetry-extension-incubator\1.35.0-alpha\opentelemetry-extension-incubator-1.35.0-alpha.jar;C:\Users\AbhijitMaiti\.m2\repository\io\opentelemetry\opentelemetry-sdk\1.35.0\opentelemetry-sdk-1.35.0.jar;C:\Users\AbhijitMaiti\.m2\repository\io\opentelemetry\opentelemetry-sdk-metrics\1.35.0\opentelemetry-sdk-metrics-1.35.0.jar;C:\Users\AbhijitMaiti\.m2\repository\io\opentelemetry\opentelemetry-sdk-logs\1.35.0\opentelemetry-sdk-logs-1.35.0.jar;C:\Users\AbhijitMaiti\.m2\repository\net\bytebuddy\byte-buddy\1.14.12\byte-buddy-1.14.12.jar;C:\Users\AbhijitMaiti\.m2\repository\org\seleniumhq\selenium\selenium-os\4.18.1\selenium-os-4.18.1.jar;C:\Users\AbhijitMaiti\.m2\repository\org\apache\commons\commons-exec\1.3\commons-exec-1.3.jar;C:\Users\AbhijitMaiti\.m2\repository\org\seleniumhq\selenium\selenium-safari-driver\4.18.1\selenium-safari-driver-4.18.1.jar;C:\Users\AbhijitMaiti\.m2\repository\org\seleniumhq\selenium\selenium-support\4.18.1\selenium-support-4.18.1.jar;C:\Users\AbhijitMaiti\.m2\repository\org\testng\testng\7.11.0\testng-7.11.0.jar;C:\Users\AbhijitMaiti\.m2\repository\org\slf4j\slf4j-api\2.0.16\slf4j-api-2.0.16.jar;C:\Users\AbhijitMaiti\.m2\repository\org\jcommander\jcommander\1.83\jcommander-1.83.jar;C:\Users\AbhijitMaiti\.m2\repository\org\webjars\jquery\3.7.1\jquery-3.7.1.jar;C:\Users\AbhijitMaiti\.m2\repository\org\apache\poi\poi\5.5.1\poi-5.5.1.jar;C:\Users\AbhijitMaiti\.m2\repository\commons-codec\commons-codec\1.20.0\commons-codec-1.20.0.jar;C:\Users\AbhijitMaiti\.m2\repository\org\apache\commons\commons-collections4\4.5.0\commons-collections4-4.5.0.jar;C:\Users\AbhijitMaiti\.m2\repository\org\apache\commons\commons-math3\3.6.1\commons-math3-3.6.1.jar;C:\Users\AbhijitMaiti\.m2\repository\commons-io\commons-io\2.21.0\commons-io-2.21.0.jar;C:\Users\AbhijitMaiti\.m2\repository\com\zaxxer\SparseBitSet\1.3\SparseBitSet-1.3.jar;C:\Users\AbhijitMaiti\.m2\repository\org\apache\logging\log4j\log4j-api\2.24.3\log4j-api-2.24.3.jar;C:\Users\AbhijitMaiti\.m2\repository\org\apache\poi\poi-ooxml\5.5.1\poi-ooxml-5.5.1.jar;C:\Users\AbhijitMaiti\.m2\repository\org\apache\poi\poi-ooxml-lite\5.5.1\poi-ooxml-lite-5.5.1.jar;C:\Users\AbhijitMaiti\.m2\repository\org\apache\xmlbeans\xmlbeans\5.3.0\xmlbeans-5.3.0.jar;C:\Users\AbhijitMaiti\.m2\repository\org\apache\commons\commons-compress\1.28.0\commons-compress-1.28.0.jar;C:\Users\AbhijitMaiti\.m2\repository\org\apache\commons\commons-lang3\3.18.0\commons-lang3-3.18.0.jar;C:\Users\AbhijitMaiti\.m2\repository\com\github\virtuald\curvesapi\1.08\curvesapi-1.08.jar;"/>
    <property name="sun.cpu.endian" value="little"/>
    <property name="user.home" value="C:\Users\AbhijitMaiti"/>
    <property name="user.language" value="en"/>
    <property name="java.specification.vendor" value="Oracle Corporation"/>
    <property name="java.version.date" value="2025-10-21"/>
    <property name="java.home" value="C:\Users\AbhijitMaiti\AppData\Local\Programs\Eclipse Adoptium\jdk-25.0.1.8-hotspot"/>
    <property name="file.separator" value="\"/>
    <property name="basedir" value="C:\Users\AbhijitMaiti\IBM_Training_WorkSpace\PraticePOM"/>
    <property name="java.vm.compressedOopsMode" value="Zero based"/>
    <property name="line.separator" value="&#10;"/>
    <property name="java.vm.specification.vendor" value="Oracle Corporation"/>
    <property name="java.specification.name" value="Java Platform API Specification"/>
    <property name="surefire.real.class.path" value="C:\Users\AbhijitMaiti\AppData\Local\Temp\surefire9020490059576453968\surefirebooter-20260109004834046_3.jar"/>
    <property name="user.script" value=""/>
    <property name="sun.management.compiler" value="HotSpot 64-Bit Tiered Compilers"/>
    <property name="java.runtime.version" value="25.0.1+8-LTS"/>
    <property name="user.name" value="AbhijitMaiti"/>
    <property name="stdout.encoding" value="Cp1252"/>
    <property name="path.separator" value=";"/>
    <property name="os.version" value="10.0"/>
    <property name="java.runtime.name" value="OpenJDK Runtime Environment"/>
    <property name="file.encoding" value="UTF-8"/>
    <property name="java.vm.name" value="OpenJDK 64-Bit Server VM"/>
    <property name="java.vendor.version" value="Temurin-25.0.1+8"/>
    <property name="localRepository" value="C:\Users\AbhijitMaiti\.m2\repository"/>
    <property name="java.vendor.url.bug" value="https://github.com/adoptium/adoptium-support/issues"/>
    <property name="java.io.tmpdir" value="C:\Users\ABHIJI~1\AppData\Local\Temp\"/>
    <property name="java.version" value="25.0.1"/>
    <property name="user.dir" value="C:\Users\AbhijitMaiti\IBM_Training_WorkSpace\PraticePOM"/>
    <property name="os.arch" value="amd64"/>
    <property name="java.vm.specification.name" value="Java Virtual Machine Specification"/>
    <property name="sun.os.patch.level" value=""/>
    <property name="native.encoding" value="Cp1252"/>
    <property name="java.library.path" value="C:\Users\AbhijitMaiti\AppData\Local\Programs\Eclipse Adoptium\jdk-25.0.1.8-hotspot\bin;C:\Windows\Sun\Java\bin;C:\Windows\system32;C:\Windows;C:\apache-maven-3.9.12-bin\apache-maven-3.9.12/bin;C:\Windows\system32;C:\Windows;C:\Windows\System32\Wbem;C:\Windows\System32\WindowsPowerShell\v1.0\;C:\Windows\System32\OpenSSH\;C:\Program Files\dotnet\;C:\Program Files\Git\cmd;C:\Program Files\nodejs\;C:\apache-maven-3.9.12-bin\apache-maven-3.9.12\bin;C:\Users\AbhijitMaiti\AppData\Local\Programs\Python\Launcher\;C:\Users\AbhijitMaiti\AppData\Local\Programs\Eclipse Adoptium\jdk-25.0.1.8-hotspot\bin;C:\Users\AbhijitMaiti\AppData\Local\Microsoft\WindowsApps;C:\Users\AbhijitMaiti\AppData\Local\Programs\Microsoft VS Code\bin;C:\Users\AbhijitMaiti\AppData\Roaming\npm;C:\apache-maven-3.9.12-bin.zip\apache-maven-3.9.12\bin;;."/>
    <property name="java.vm.info" value="mixed mode, sharing"/>
    <property name="stderr.encoding" value="Cp1252"/>
    <property name="java.vendor" value="Eclipse Adoptium"/>
    <property name="java.vm.version" value="25.0.1+8-LTS"/>
    <property name="stdin.encoding" value="Cp1252"/>
    <property name="sun.io.unicode.encoding" value="UnicodeLittle"/>
    <property name="java.class.version" value="69.0"/>
  </properties>
  <testcase name="setup" classname="com.ibm.basetest.BaseTest" time="0.673">
    <failure message="&#10;Parameter &apos;browserName&apos; is required by BeforeSuite on method setup but has not been marked @Optional or defined&#10;" type="org.testng.TestNGException"><![CDATA[org.testng.TestNGException: 

Parameter 'browserName' is required by BeforeSuite on method setup but has not been marked @Optional or defined

	at org.testng.internal.Parameters.createParams(Parameters.java:264)
	at org.testng.internal.Parameters.createParametersForMethod(Parameters.java:352)
	at org.testng.internal.Parameters.createParameters(Parameters.java:690)
	at org.testng.internal.Parameters.createConfigurationParameters(Parameters.java:163)
	at org.testng.internal.invokers.ConfigInvoker.invokeConfigurations(ConfigInvoker.java:313)
	at org.testng.SuiteRunner.privateRun(SuiteRunner.java:358)
	at org.testng.SuiteRunner.run(SuiteRunner.java:312)
	at org.testng.SuiteRunnerWorker.runSuite(SuiteRunnerWorker.java:52)
	at org.testng.SuiteRunnerWorker.run(SuiteRunnerWorker.java:95)
	at org.testng.TestNG.runSuitesSequentially(TestNG.java:1274)
	at org.testng.TestNG.runSuitesLocally(TestNG.java:1208)
	at org.testng.TestNG.runSuites(TestNG.java:1112)
	at org.testng.TestNG.run(TestNG.java:1079)
	at org.apache.maven.surefire.testng.TestNGExecutor.run(TestNGExecutor.java:155)
	at org.apache.maven.surefire.testng.TestNGDirectoryTestSuite.executeMulti(TestNGDirectoryTestSuite.java:169)
	at org.apache.maven.surefire.testng.TestNGDirectoryTestSuite.execute(TestNGDirectoryTestSuite.java:88)
	at org.apache.maven.surefire.testng.TestNGProvider.invoke(TestNGProvider.java:137)
	at org.apache.maven.surefire.booter.ForkedBooter.runSuitesInProcess(ForkedBooter.java:385)
	at org.apache.maven.surefire.booter.ForkedBooter.execute(ForkedBooter.java:162)
	at org.apache.maven.surefire.booter.ForkedBooter.run(ForkedBooter.java:507)
	at org.apache.maven.surefire.booter.ForkedBooter.main(ForkedBooter.java:495)
]]></failure>
    <system-err><![CDATA[SLF4J(W): No SLF4J providers were found.
SLF4J(W): Defaulting to no-operation (NOP) logger implementation
SLF4J(W): See https://www.slf4j.org/codes.html#noProviders for further details.
]]></system-err>
  </testcase>
  <testcase name="tearDown" classname="com.ibm.basetest.BaseTest" time="0.0">
    <skipped/>
  </testcase>
  <testcase name="init" classname="com.ibm.test.CartPageTest" time="0.0">
    <skipped/>
  </testcase>
  <testcase name="cartTest" classname="com.ibm.test.CartPageTest" time="0.0">
    <skipped message="&#10;Parameter &apos;browserName&apos; is required by BeforeSuite on method setup but has not been marked @Optional or defined&#10;"/>
    <system-out><![CDATA[Started: cartTest
]]></system-out>
  </testcase>
  <testcase name="navbarTest" classname="com.ibm.test.HomePageTest" time="0.0">
    <skipped message="&#10;Parameter &apos;browserName&apos; is required by BeforeSuite on method setup but has not been marked @Optional or defined&#10;"/>
    <system-out><![CDATA[Started: navbarTest
]]></system-out>
  </testcase>
  <testcase name="slidingWindowTest" classname="com.ibm.test.HomePageTest" time="0.0">
    <skipped message="Method com.ibm.test.HomePageTest.slidingWindowTest() on instance com.ibm.test.HomePageTest@6ab7a896 depends on not successfully finished methods &#10;[com.ibm.test.HomePageTest.navbarTest() on instance com.ibm.test.HomePageTest@6ab7a896]"/>
    <system-out><![CDATA[Started: slidingWindowTest
]]></system-out>
  </testcase>
  <testcase name="categoriesListTest" classname="com.ibm.test.HomePageTest" time="0.0">
    <skipped message="Method com.ibm.test.HomePageTest.categoriesListTest() on instance com.ibm.test.HomePageTest@6ab7a896 depends on not successfully finished methods &#10;[com.ibm.test.HomePageTest.slidingWindowTest() on instance com.ibm.test.HomePageTest@6ab7a896]"/>
    <system-out><![CDATA[Started: categoriesListTest
]]></system-out>
  </testcase>
  <testcase name="previousButttonAndNextButtonTest" classname="com.ibm.test.HomePageTest" time="0.0">
    <skipped message="Method com.ibm.test.HomePageTest.previousButttonAndNextButtonTest() on instance com.ibm.test.HomePageTest@6ab7a896 depends on not successfully finished methods &#10;[com.ibm.test.HomePageTest.categoriesListTest() on instance com.ibm.test.HomePageTest@6ab7a896]"/>
    <system-out><![CDATA[Started: previousButttonAndNextButtonTest
]]></system-out>
  </testcase>
  <testcase name="init" classname="com.ibm.test.LoginTest" time="0.0">
    <skipped/>
    <system-out><![CDATA[2026-01-08T19:18:35.974679900Z main ERROR Log4j API could not find a logging provider.
]]></system-out>
  </testcase>
  <testcase name="init" classname="com.ibm.test.LoginTest" time="0.0">
    <skipped/>
  </testcase>
  <testcase name="init" classname="com.ibm.test.LoginTest" time="0.0">
    <skipped/>
  </testcase>
  <testcase name="init" classname="com.ibm.test.LoginTest" time="0.0">
    <skipped/>
  </testcase>
  <testcase name="init" classname="com.ibm.test.LoginTest" time="0.0">
    <skipped/>
  </testcase>
  <testcase name="init" classname="com.ibm.test.LoginTest" time="0.0">
    <skipped/>
  </testcase>
  <testcase name="loginTest[Admin@gmail.com, admin@2004](1)" classname="com.ibm.test.LoginTest" time="0.0">
    <skipped message="&#10;Parameter &apos;browserName&apos; is required by BeforeSuite on method setup but has not been marked @Optional or defined&#10;"/>
    <system-out><![CDATA[Started: loginTest
]]></system-out>
  </testcase>
  <testcase name="loginTest[Abhijitmaiti0966@gmail.com, Abhijit@2004](2)" classname="com.ibm.test.LoginTest" time="0.0">
    <skipped message="&#10;Parameter &apos;browserName&apos; is required by BeforeSuite on method setup but has not been marked @Optional or defined&#10;"/>
    <system-out><![CDATA[Started: loginTest
]]></system-out>
  </testcase>
  <testcase name="loginTest[Abhijitmaiti098@gmail.com, Abhijitmaiti@2004](3)" classname="com.ibm.test.LoginTest" time="0.0">
    <skipped message="&#10;Parameter &apos;browserName&apos; is required by BeforeSuite on method setup but has not been marked @Optional or defined&#10;"/>
    <system-out><![CDATA[Started: loginTest
]]></system-out>
  </testcase>
  <testcase name="loginTest[maiti@gamil.com, maiti@2004](4)" classname="com.ibm.test.LoginTest" time="0.0">
    <skipped message="&#10;Parameter &apos;browserName&apos; is required by BeforeSuite on method setup but has not been marked @Optional or defined&#10;"/>
    <system-out><![CDATA[Started: loginTest
]]></system-out>
  </testcase>
  <testcase name="loginTest[sham2@gmail.com, sham@2003](5)" classname="com.ibm.test.LoginTest" time="0.0">
    <skipped message="&#10;Parameter &apos;browserName&apos; is required by BeforeSuite on method setup but has not been marked @Optional or defined&#10;"/>
    <system-out><![CDATA[Started: loginTest
]]></system-out>
  </testcase>
  <testcase name="loginTest[sham22@gmail.com, sham@2003](6)" classname="com.ibm.test.LoginTest" time="0.0">
    <skipped message="&#10;Parameter &apos;browserName&apos; is required by BeforeSuite on method setup but has not been marked @Optional or defined&#10;"/>
    <system-out><![CDATA[Started: loginTest
]]></system-out>
  </testcase>
  <testcase name="init" classname="com.ibm.test.SignupPageTest" time="0.0">
    <skipped/>
  </testcase>
  <testcase name="init" classname="com.ibm.test.SignupPageTest" time="0.0">
    <skipped/>
  </testcase>
  <testcase name="init" classname="com.ibm.test.SignupPageTest" time="0.0">
    <skipped/>
  </testcase>
  <testcase name="init" classname="com.ibm.test.SignupPageTest" time="0.0">
    <skipped/>
  </testcase>
  <testcase name="init" classname="com.ibm.test.SignupPageTest" time="0.0">
    <skipped/>
  </testcase>
  <testcase name="signupPageTest[Admin4986@gmail.com, admin@2004](1)" classname="com.ibm.test.SignupPageTest" time="0.0">
    <skipped message="&#10;Parameter &apos;browserName&apos; is required by BeforeSuite on method setup but has not been marked @Optional or defined&#10;"/>
    <system-out><![CDATA[Started: signupPageTest
]]></system-out>
  </testcase>
  <testcase name="signupPageTest[Abhi02419@gmail.com, Abhijit@2004](2)" classname="com.ibm.test.SignupPageTest" time="0.0">
    <skipped message="&#10;Parameter &apos;browserName&apos; is required by BeforeSuite on method setup but has not been marked @Optional or defined&#10;"/>
    <system-out><![CDATA[Started: signupPageTest
]]></system-out>
  </testcase>
  <testcase name="signupPageTest[Abhi00488@gmail.com, Abhijitmaiti@2004](3)" classname="com.ibm.test.SignupPageTest" time="0.0">
    <skipped message="&#10;Parameter &apos;browserName&apos; is required by BeforeSuite on method setup but has not been marked @Optional or defined&#10;"/>
    <system-out><![CDATA[Started: signupPageTest
]]></system-out>
  </testcase>
  <testcase name="signupPageTest[mait32tik@gamil.com, maiti@2004](4)" classname="com.ibm.test.SignupPageTest" time="0.0">
    <skipped message="&#10;Parameter &apos;browserName&apos; is required by BeforeSuite on method setup but has not been marked @Optional or defined&#10;"/>
    <system-out><![CDATA[Started: signupPageTest
]]></system-out>
  </testcase>
  <testcase name="signupPageTest[sham22@gmail.com, sham@2003](5)" classname="com.ibm.test.SignupPageTest" time="0.0">
    <skipped message="&#10;Parameter &apos;browserName&apos; is required by BeforeSuite on method setup but has not been marked @Optional or defined&#10;"/>
    <system-out><![CDATA[Started: signupPageTest
]]></system-out>
  </testcase>
</testsuite>