<?xml version="1.0" encoding="UTF-8"?>
<testng-results ignored="0" total="7" passed="7" failed="0" skipped="0">
  <reporter-output>
  </reporter-output>
  <suite started-at="2026-01-02T02:51:00 IST" name="Suite" finished-at="2026-01-02T02:51:40 IST" duration-ms="40036">
    <groups>
      <group name="smoke">
        <method signature="HomePageTest.navbarTest()[pri:0, instance:com.ibm.test.HomePageTest@10683d9d]" name="navbarTest" class="com.ibm.test.HomePageTest"/>
        <method signature="HomePageTest.slidingWindowTest()[pri:0, instance:com.ibm.test.HomePageTest@10683d9d]" name="slidingWindowTest" class="com.ibm.test.HomePageTest"/>
        <method signature="HomePageTest.categoriesListTest()[pri:0, instance:com.ibm.test.HomePageTest@10683d9d]" name="categoriesListTest" class="com.ibm.test.HomePageTest"/>
        <method signature="HomePageTest.previousButttonAndNextButtonTest()[pri:0, instance:com.ibm.test.HomePageTest@10683d9d]" name="previousButttonAndNextButtonTest" class="com.ibm.test.HomePageTest"/>
      </group> <!-- smoke -->
      <group name="login">
        <method signature="LoginTest.loginTest()[pri:0, instance:com.ibm.test.LoginTest@217ed35e]" name="loginTest" class="com.ibm.test.LoginTest"/>
      </group> <!-- login -->
      <group name="signup">
        <method signature="SignupPageTest.signupPageTest()[pri:0, instance:com.ibm.test.SignupPageTest@682b2fa]" name="signupPageTest" class="com.ibm.test.SignupPageTest"/>
      </group> <!-- signup -->
    </groups>
    <test started-at="2026-01-02T02:51:00 IST" name="Test" finished-at="2026-01-02T02:51:40 IST" duration-ms="40036">
      <class name="com.ibm.test.SignupPageTest">
        <test-method is-config="true" signature="init()[pri:0, instance:com.ibm.test.SignupPageTest@682b2fa]" started-at="2026-01-02T02:51:20 IST" name="init" finished-at="2026-01-02T02:51:20 IST" duration-ms="94" status="PASS">
          <reporter-output>
          </reporter-output>
        </test-method> <!-- init -->
        <test-method signature="signupPageTest()[pri:0, instance:com.ibm.test.SignupPageTest@682b2fa]" started-at="2026-01-02T02:51:20 IST" name="signupPageTest" depends-on-groups="smoke" finished-at="2026-01-02T02:51:23 IST" duration-ms="3186" status="PASS">
          <reporter-output>
          </reporter-output>
        </test-method> <!-- signupPageTest -->
      </class> <!-- com.ibm.test.SignupPageTest -->
      <class name="com.ibm.test.CartPageTest">
        <test-method signature="cartTest()[pri:0, instance:com.ibm.test.CartPageTest@7dcf94f8]" started-at="2026-01-02T02:51:35 IST" name="cartTest" depends-on-groups="login" finished-at="2026-01-02T02:51:40 IST" duration-ms="5235" status="PASS">
          <reporter-output>
          </reporter-output>
        </test-method> <!-- cartTest -->
        <test-method is-config="true" signature="init()[pri:0, instance:com.ibm.test.CartPageTest@7dcf94f8]" started-at="2026-01-02T02:51:35 IST" name="init" finished-at="2026-01-02T02:51:35 IST" duration-ms="0" status="PASS">
          <reporter-output>
          </reporter-output>
        </test-method> <!-- init -->
      </class> <!-- com.ibm.test.CartPageTest -->
      <class name="com.ibm.test.LoginTest">
        <test-method is-config="true" signature="init()[pri:0, instance:com.ibm.test.LoginTest@217ed35e]" started-at="2026-01-02T02:51:23 IST" name="init" finished-at="2026-01-02T02:51:23 IST" duration-ms="4" status="PASS">
          <reporter-output>
          </reporter-output>
        </test-method> <!-- init -->
        <test-method signature="loginTest()[pri:0, instance:com.ibm.test.LoginTest@217ed35e]" started-at="2026-01-02T02:51:23 IST" name="loginTest" depends-on-groups="signup" finished-at="2026-01-02T02:51:35 IST" duration-ms="12106" status="PASS">
          <reporter-output>
          </reporter-output>
        </test-method> <!-- loginTest -->
      </class> <!-- com.ibm.test.LoginTest -->
      <class name="com.ibm.test.HomePageTest">
        <test-method is-config="true" signature="setup()[pri:0, instance:com.ibm.test.HomePageTest@10683d9d]" started-at="2026-01-02T02:50:50 IST" name="setup" finished-at="2026-01-02T02:51:00 IST" duration-ms="10016" status="PASS">
          <reporter-output>
          </reporter-output>
        </test-method> <!-- setup -->
        <test-method signature="navbarTest()[pri:0, instance:com.ibm.test.HomePageTest@10683d9d]" started-at="2026-01-02T02:51:00 IST" name="navbarTest" finished-at="2026-01-02T02:51:02 IST" duration-ms="1468" status="PASS">
          <reporter-output>
          </reporter-output>
        </test-method> <!-- navbarTest -->
        <test-method signature="slidingWindowTest()[pri:0, instance:com.ibm.test.HomePageTest@10683d9d]" started-at="2026-01-02T02:51:02 IST" name="slidingWindowTest" finished-at="2026-01-02T02:51:07 IST" depends-on-methods="com.ibm.test.HomePageTest.navbarTest" duration-ms="4740" status="PASS">
          <reporter-output>
          </reporter-output>
        </test-method> <!-- slidingWindowTest -->
        <test-method signature="categoriesListTest()[pri:0, instance:com.ibm.test.HomePageTest@10683d9d]" started-at="2026-01-02T02:51:07 IST" name="categoriesListTest" finished-at="2026-01-02T02:51:17 IST" depends-on-methods="com.ibm.test.HomePageTest.slidingWindowTest" duration-ms="10558" status="PASS">
          <reporter-output>
          </reporter-output>
        </test-method> <!-- categoriesListTest -->
        <test-method signature="previousButttonAndNextButtonTest()[pri:0, instance:com.ibm.test.HomePageTest@10683d9d]" started-at="2026-01-02T02:51:17 IST" name="previousButttonAndNextButtonTest" finished-at="2026-01-02T02:51:20 IST" depends-on-methods="com.ibm.test.HomePageTest.categoriesListTest" duration-ms="2437" status="PASS">
          <reporter-output>
          </reporter-output>
        </test-method> <!-- previousButttonAndNextButtonTest -->
        <test-method is-config="true" signature="tearDown()[pri:0, instance:com.ibm.test.HomePageTest@10683d9d]" started-at="2026-01-02T02:51:40 IST" name="tearDown" finished-at="2026-01-02T02:51:43 IST" duration-ms="2799" status="PASS">
          <reporter-output>
          </reporter-output>
        </test-method> <!-- tearDown -->
      </class> <!-- com.ibm.test.HomePageTest -->
    </test> <!-- Test -->
  </suite> <!-- Suite -->
</testng-results>
