<?xml version="1.0" encoding="UTF-8"?>
<!-- Generated by org.testng.reporters.JUnitReportReporter -->
<testsuite hostname="IBM-25PV4D4" failures="0" tests="5" name="com.ibm.test.SignupPageTest" time="18.408" errors="0" timestamp="2026-01-09T14:59:35 IST" skipped="0">
  <testcase classname="com.ibm.test.SignupPageTest" name="signupPageTest" time="3.787"/>
  <testcase classname="com.ibm.test.SignupPageTest" name="signupPageTest" time="3.823"/>
  <testcase classname="com.ibm.test.SignupPageTest" name="signupPageTest" time="3.719"/>
  <testcase classname="com.ibm.test.SignupPageTest" name="signupPageTest" time="3.482"/>
  <testcase classname="com.ibm.test.SignupPageTest" name="signupPageTest" time="3.597"/>
</testsuite> <!-- com.ibm.test.SignupPageTest -->
