<?xml version="1.0" encoding="UTF-8"?>
<!-- Generated by org.testng.reporters.JUnitReportReporter -->
<testsuite hostname="IBM-25PV4D4" failures="0" tests="4" name="com.ibm.test.HomePageTest" time="19.203" errors="0" timestamp="2026-01-02T02:51:43 IST" skipped="0">
  <testcase classname="com.ibm.test.HomePageTest" name="navbarTest" time="1.468"/>
  <testcase classname="com.ibm.test.HomePageTest" name="previousButttonAndNextButtonTest" time="2.437"/>
  <testcase classname="com.ibm.test.HomePageTest" name="slidingWindowTest" time="4.740"/>
  <testcase classname="com.ibm.test.HomePageTest" name="categoriesListTest" time="10.558"/>
</testsuite> <!-- com.ibm.test.HomePageTest -->
