<?xml version="1.0" encoding="UTF-8"?>
<!-- Generated by org.testng.reporters.JUnitReportReporter -->
<testsuite hostname="IBM-25PV4D4" failures="0" tests="4" name="com.ibm.test.HomePageTest" time="20.033" errors="0" timestamp="2026-01-09T14:59:35 IST" skipped="0">
  <testcase classname="com.ibm.test.HomePageTest" name="slidingWindowTest" time="4.826"/>
  <testcase classname="com.ibm.test.HomePageTest" name="navbarTest" time="1.944"/>
  <testcase classname="com.ibm.test.HomePageTest" name="previousButttonAndNextButtonTest" time="2.505"/>
  <testcase classname="com.ibm.test.HomePageTest" name="categoriesListTest" time="10.758"/>
</testsuite> <!-- com.ibm.test.HomePageTest -->
