<?xml version="1.0" encoding="UTF-8"?>
<!-- Generated by org.testng.reporters.JUnitReportReporter -->
<testsuite hostname="IBM-25PV4D4" failures="0" tests="4" name="com.ibm.test.HomePageTest" time="0.001" errors="0" timestamp="2026-01-09T00:48:37 IST" skipped="4">
  <testcase classname="com.ibm.test.HomePageTest" name="slidingWindowTest" time="0.000">
    <skipped/>
  </testcase> <!-- slidingWindowTest -->
  <testcase classname="com.ibm.test.HomePageTest" name="categoriesListTest" time="0.001">
    <skipped/>
  </testcase> <!-- categoriesListTest -->
  <testcase classname="com.ibm.test.HomePageTest" name="navbarTest" time="0.000">
    <skipped/>
  </testcase> <!-- navbarTest -->
  <testcase classname="com.ibm.test.HomePageTest" name="previousButttonAndNextButtonTest" time="0.000">
    <skipped/>
  </testcase> <!-- previousButttonAndNextButtonTest -->
</testsuite> <!-- com.ibm.test.HomePageTest -->
