<?xml version="1.0" encoding="UTF-8"?>
<!-- Generated by org.testng.reporters.JUnitReportReporter -->
<testsuite hostname="IBM-25PV4D4" failures="0" tests="5" name="com.ibm.test.SignupPageTest" time="0.001" errors="0" timestamp="2026-01-09T00:48:37 IST" skipped="5">
  <testcase classname="com.ibm.test.SignupPageTest" name="signupPageTest" time="0.000">
    <skipped/>
  </testcase> <!-- signupPageTest -->
  <testcase classname="com.ibm.test.SignupPageTest" name="signupPageTest" time="0.000">
    <skipped/>
  </testcase> <!-- signupPageTest -->
  <testcase classname="com.ibm.test.SignupPageTest" name="signupPageTest" time="0.001">
    <skipped/>
  </testcase> <!-- signupPageTest -->
  <testcase classname="com.ibm.test.SignupPageTest" name="signupPageTest" time="0.000">
    <skipped/>
  </testcase> <!-- signupPageTest -->
  <testcase classname="com.ibm.test.SignupPageTest" name="signupPageTest" time="0.000">
    <skipped/>
  </testcase> <!-- signupPageTest -->
</testsuite> <!-- com.ibm.test.SignupPageTest -->
